#
# A fatal error has been detected by the Java Runtime Environment:
#
#  EXCEPTION_ACCESS_VIOLATION (0xc0000005) at pc=0x000000005c3e3ff3, pid=14604, tid=0x000000000000464c
#
# JRE version: Java(TM) SE Runtime Environment (8.0_341-b10) (build 1.8.0_341-b10)
# Java VM: Java HotSpot(TM) 64-Bit Server VM (25.341-b10 mixed mode windows-amd64 compressed oops)
# Problematic frame:
# V  [jvm.dll+0x4d3ff3]
#
# Failed to write core dump. Minidumps are not enabled by default on client versions of Windows
#
# If you would like to submit a bug report, please visit:
#   http://bugreport.java.com/bugreport/crash.jsp
#

---------------  T H R E A D  ---------------

Current thread (0x0000026433eb6800):  JavaThread "C2 CompilerThread6" daemon [_thread_in_native, id=17996, stack(0x000000b7f4000000,0x000000b7f4100000)]

siginfo: ExceptionCode=0xc0000005, reading address 0xffffffffffffffff

Registers:
RAX=0x00000264340d53b0, RBX=0x000000b7f40fbc60, RCX=0x0000026435f53f00, RDX=0x0000000000003c3b
RSP=0x000000b7f40fb960, RBP=0x0000000000000000, RSI=0x2f61766100000002, RDI=0x0000026434e57eb8
R8 =0x000000005c54fe50, R9 =0x0000000000000000, R10=0x0000000000000013, R11=0x000000b7f40fba58
R12=0x000000b7f40fba70, R13=0x000000005c4ba750, R14=0x00000264340acb70, R15=0x0000026434e57678
RIP=0x000000005c3e3ff3, EFLAGS=0x0000000000010202

Top of Stack: (sp=0x000000b7f40fb960)
0x000000b7f40fb960:   000000b7f40fbc60 000000b7f40fbc60
0x000000b7f40fb970:   000000b7f40fbc60 0000026433feb9f8
0x000000b7f40fb980:   0000000000000000 0000026434e58a50
0x000000b7f40fb990:   000000b7f40fcc70 000000005c3f0a26
0x000000b7f40fb9a0:   0000026434e58cf8 0000026435bebab0
0x000000b7f40fb9b0:   000000b7f40fbc60 0000000000000680
0x000000b7f40fb9c0:   0000000000000000 000000005bf10000
0x000000b7f40fb9d0:   000000b7f40fbc60 0000000000000000
0x000000b7f40fb9e0:   000000b7f40fbc60 000000005c3e42df
0x000000b7f40fb9f0:   0000026434e57eb8 000002640000000c
0x000000b7f40fba00:   000000000000000c 0000026434e582c8
0x000000b7f40fba10:   0000026400000001 000000b7f40fcc70
0x000000b7f40fba20:   0000000045a92800 0000000000000000
0x000000b7f40fba30:   0000000000000000 00000000000005b0
0x000000b7f40fba40:   000000005bf10000 0000026433feed70
0x000000b7f40fba50:   000000b7f40fd700 000000005c3e6619 

Instructions: (pc=0x000000005c3e3ff3)
0x000000005c3e3fd3:   48 50 4c 89 74 24 50 4c 8b 34 d1 49 8b 46 48 4c
0x000000005c3e3fe3:   8b 68 20 48 8b 70 18 4d 85 e4 0f 84 86 00 00 00
0x000000005c3e3ff3:   8b 46 10 83 f8 06 75 06 48 8b 7e 18 eb 22 83 f8
0x000000005c3e4003:   07 75 06 48 8b 7e 18 eb 17 83 c0 f2 48 8b ce 83 


Register to memory mapping:

RAX=0x00000264340d53b0 is an unknown value
RBX=0x000000b7f40fbc60 is pointing into the stack for thread: 0x0000026433eb6800
RCX=0x0000026435f53f00 is an unknown value
RDX=0x0000000000003c3b is an unknown value
RSP=0x000000b7f40fb960 is pointing into the stack for thread: 0x0000026433eb6800
RBP=0x0000000000000000 is an unknown value
RSI=0x2f61766100000002 is an unknown value
RDI=0x0000026434e57eb8 is an unknown value
R8 =0x000000005c54fe50 is an unknown value
R9 =0x0000000000000000 is an unknown value
R10=0x0000000000000013 is an unknown value
R11=0x000000b7f40fba58 is pointing into the stack for thread: 0x0000026433eb6800
R12=0x000000b7f40fba70 is pointing into the stack for thread: 0x0000026433eb6800
R13=0x000000005c4ba750 is an unknown value
R14=0x00000264340acb70 is an unknown value
R15=0x0000026434e57678 is an unknown value


Stack: [0x000000b7f4000000,0x000000b7f4100000],  sp=0x000000b7f40fb960,  free space=1006k
Native frames: (J=compiled Java code, j=interpreted, Vv=VM code, C=native code)


Current CompileTask:
C2:   1277 1423       4       org.apache.commons.math.genetics.AbstractListChromosome::toString (413 bytes)


---------------  P R O C E S S  ---------------

Java Threads: ( => current thread )
  0x0000026433d0f800 JavaThread "Service Thread" daemon [_thread_blocked, id=10964, stack(0x000000b7f4600000,0x000000b7f4700000)]
  0x0000026433d03800 JavaThread "C1 CompilerThread11" daemon [_thread_blocked, id=5432, stack(0x000000b7f4500000,0x000000b7f4600000)]
  0x0000026433d07800 JavaThread "C1 CompilerThread10" daemon [_thread_blocked, id=18892, stack(0x000000b7f4400000,0x000000b7f4500000)]
  0x00000264340c1800 JavaThread "C1 CompilerThread9" daemon [_thread_blocked, id=12000, stack(0x000000b7f4300000,0x000000b7f4400000)]
  0x00000264340bb000 JavaThread "C1 CompilerThread8" daemon [_thread_blocked, id=16768, stack(0x000000b7f4200000,0x000000b7f4300000)]
  0x0000026433eb7800 JavaThread "C2 CompilerThread7" daemon [_thread_in_native, id=18032, stack(0x000000b7f4100000,0x000000b7f4200000)]
=>0x0000026433eb6800 JavaThread "C2 CompilerThread6" daemon [_thread_in_native, id=17996, stack(0x000000b7f4000000,0x000000b7f4100000)]
  0x0000026433eca000 JavaThread "C2 CompilerThread5" daemon [_thread_in_native, id=15548, stack(0x000000b7f3f00000,0x000000b7f4000000)]
  0x0000026433ad2000 JavaThread "C2 CompilerThread4" daemon [_thread_in_native, id=12964, stack(0x000000b7f3e00000,0x000000b7f3f00000)]
  0x0000026433ec9000 JavaThread "C2 CompilerThread3" daemon [_thread_in_native, id=12572, stack(0x000000b7f3d00000,0x000000b7f3e00000)]
  0x0000026433ae2800 JavaThread "C2 CompilerThread2" daemon [_thread_in_native, id=11388, stack(0x000000b7f3c00000,0x000000b7f3d00000)]
  0x0000026433ae1800 JavaThread "C2 CompilerThread1" daemon [_thread_in_native, id=21248, stack(0x000000b7f3b00000,0x000000b7f3c00000)]
  0x000002643416c000 JavaThread "C2 CompilerThread0" daemon [_thread_in_vm, id=9128, stack(0x000000b7f3a00000,0x000000b7f3b00000)]
  0x00000264330bb000 JavaThread "Attach Listener" daemon [_thread_blocked, id=20056, stack(0x000000b7f3900000,0x000000b7f3a00000)]
  0x00000264330b4800 JavaThread "Signal Dispatcher" daemon [_thread_blocked, id=17900, stack(0x000000b7f3800000,0x000000b7f3900000)]
  0x00000264330b3800 JavaThread "Surrogate Locker Thread (Concurrent GC)" daemon [_thread_blocked, id=19980, stack(0x000000b7f3700000,0x000000b7f3800000)]
  0x0000026433091800 JavaThread "Finalizer" daemon [_thread_blocked, id=13256, stack(0x000000b7f3600000,0x000000b7f3700000)]
  0x0000026433088000 JavaThread "Reference Handler" daemon [_thread_blocked, id=4056, stack(0x000000b7f3500000,0x000000b7f3600000)]
  0x000002640219f800 JavaThread "main" [_thread_in_native, id=16516, stack(0x000000b7f0f00000,0x000000b7f1000000)]

Other Threads:
  0x0000026433063800 VMThread [stack: 0x000000b7f3400000,0x000000b7f3500000] [id=10972]
  0x00000264341cb000 WatcherThread [stack: 0x000000b7f4700000,0x000000b7f4800000] [id=14812]

VM state:not at safepoint (normal execution)

VM Mutex/Monitor currently owned by a thread: None

heap address: 0x0000000540000000, size: 10240 MB, Compressed Oops mode: Zero based, Oop shift amount: 3
Narrow klass base: 0x0000000000000000, Narrow klass shift: 3
Compressed class space size: 1073741824 Address: 0x00000007c0000000

Heap:
 garbage-first heap   total 1044480K, used 132096K [0x0000000540000000, 0x0000000540200ff0, 0x00000007c0000000)
  region size 2048K, 13 young (26624K), 9 survivors (18432K)
 Metaspace       used 10694K, capacity 10768K, committed 10880K, reserved 1058816K
  class space    used 1053K, capacity 1072K, committed 1152K, reserved 1048576K

Heap Regions: (E=young(eden), S=young(survivor), O=old, HS=humongous(starts), HC=humongous(continues), CS=collection set, F=free, TS=gc time stamp, PTAMS=previous top-at-mark-start, NTAMS=next top-at-mark-start)
AC   0  O    TS     3 PTAMS 0x0000000540000000 NTAMS 0x0000000540000000 space 2048K, 100% used [0x0000000540000000, 0x0000000540200000)
AC   0  O    TS     3 PTAMS 0x0000000540200000 NTAMS 0x0000000540200000 space 2048K, 100% used [0x0000000540200000, 0x0000000540400000)
AC   0  O    TS     3 PTAMS 0x0000000540400000 NTAMS 0x0000000540400000 space 2048K, 100% used [0x0000000540400000, 0x0000000540600000)
AC   0  O    TS     3 PTAMS 0x0000000540600000 NTAMS 0x0000000540600000 space 2048K, 100% used [0x0000000540600000, 0x0000000540800000)
AC   0  O    TS     3 PTAMS 0x0000000540800000 NTAMS 0x0000000540800000 space 2048K, 100% used [0x0000000540800000, 0x0000000540a00000)
AC   0  O    TS     5 PTAMS 0x0000000540a00000 NTAMS 0x0000000540a00000 space 2048K, 100% used [0x0000000540a00000, 0x0000000540c00000)
AC   0  O    TS     5 PTAMS 0x0000000540c00000 NTAMS 0x0000000540c00000 space 2048K, 100% used [0x0000000540c00000, 0x0000000540e00000)
AC   0  O    TS     5 PTAMS 0x0000000540e00000 NTAMS 0x0000000540e00000 space 2048K, 100% used [0x0000000540e00000, 0x0000000541000000)
AC   0  O    TS     5 PTAMS 0x0000000541000000 NTAMS 0x0000000541000000 space 2048K, 100% used [0x0000000541000000, 0x0000000541200000)
AC   0  O    TS     5 PTAMS 0x0000000541200000 NTAMS 0x0000000541200000 space 2048K, 100% used [0x0000000541200000, 0x0000000541400000)
AC   0  O    TS     5 PTAMS 0x0000000541400000 NTAMS 0x0000000541400000 space 2048K, 100% used [0x0000000541400000, 0x0000000541600000)
AC   0  O    TS     5 PTAMS 0x0000000541600000 NTAMS 0x0000000541600000 space 2048K, 100% used [0x0000000541600000, 0x0000000541800000)
AC   0  O    TS     7 PTAMS 0x0000000541800000 NTAMS 0x0000000541800000 space 2048K, 100% used [0x0000000541800000, 0x0000000541a00000)
AC   0  O    TS     7 PTAMS 0x0000000541a00000 NTAMS 0x0000000541a00000 space 2048K, 100% used [0x0000000541a00000, 0x0000000541c00000)
AC   0  O    TS     7 PTAMS 0x0000000541c00000 NTAMS 0x0000000541c00000 space 2048K, 100% used [0x0000000541c00000, 0x0000000541e00000)
AC   0  O    TS     7 PTAMS 0x0000000541e00000 NTAMS 0x0000000541e00000 space 2048K, 100% used [0x0000000541e00000, 0x0000000542000000)
AC   0  O    TS     7 PTAMS 0x0000000542000000 NTAMS 0x0000000542000000 space 2048K, 100% used [0x0000000542000000, 0x0000000542200000)
AC   0  O    TS     7 PTAMS 0x0000000542200000 NTAMS 0x0000000542200000 space 2048K, 100% used [0x0000000542200000, 0x0000000542400000)
AC   0  O    TS     7 PTAMS 0x0000000542400000 NTAMS 0x0000000542400000 space 2048K, 100% used [0x0000000542400000, 0x0000000542600000)
AC   0  O    TS     7 PTAMS 0x0000000542600000 NTAMS 0x0000000542600000 space 2048K, 100% used [0x0000000542600000, 0x0000000542800000)
AC   0  O    TS     7 PTAMS 0x0000000542800000 NTAMS 0x0000000542800000 space 2048K, 100% used [0x0000000542800000, 0x0000000542a00000)
AC   0  O    TS     7 PTAMS 0x0000000542a00000 NTAMS 0x0000000542a00000 space 2048K, 100% used [0x0000000542a00000, 0x0000000542c00000)
AC   0  O    TS     7 PTAMS 0x0000000542c00000 NTAMS 0x0000000542c00000 space 2048K, 100% used [0x0000000542c00000, 0x0000000542e00000)
AC   0  O    TS     7 PTAMS 0x0000000542e00000 NTAMS 0x0000000542e00000 space 2048K, 100% used [0x0000000542e00000, 0x0000000543000000)
AC   0  O    TS     7 PTAMS 0x0000000543000000 NTAMS 0x0000000543000000 space 2048K, 100% used [0x0000000543000000, 0x0000000543200000)
AC   0  O    TS     9 PTAMS 0x0000000543200000 NTAMS 0x0000000543200000 space 2048K, 100% used [0x0000000543200000, 0x0000000543400000)
AC   0  O    TS     9 PTAMS 0x0000000543400000 NTAMS 0x0000000543400000 space 2048K, 100% used [0x0000000543400000, 0x0000000543600000)
AC   0  O    TS     9 PTAMS 0x0000000543600000 NTAMS 0x0000000543600000 space 2048K, 100% used [0x0000000543600000, 0x0000000543800000)
AC   0  O    TS     9 PTAMS 0x0000000543800000 NTAMS 0x0000000543800000 space 2048K, 100% used [0x0000000543800000, 0x0000000543a00000)
AC   0  O    TS     9 PTAMS 0x0000000543a00000 NTAMS 0x0000000543a00000 space 2048K, 100% used [0x0000000543a00000, 0x0000000543c00000)
AC   0  O    TS     9 PTAMS 0x0000000543c00000 NTAMS 0x0000000543c00000 space 2048K, 100% used [0x0000000543c00000, 0x0000000543e00000)
AC   0  O    TS     9 PTAMS 0x0000000543e00000 NTAMS 0x0000000543e00000 space 2048K, 100% used [0x0000000543e00000, 0x0000000544000000)
AC   0  O    TS     9 PTAMS 0x0000000544000000 NTAMS 0x0000000544000000 space 2048K, 100% used [0x0000000544000000, 0x0000000544200000)
AC   0  O    TS     9 PTAMS 0x0000000544200000 NTAMS 0x0000000544200000 space 2048K, 100% used [0x0000000544200000, 0x0000000544400000)
AC   0  O    TS     9 PTAMS 0x0000000544400000 NTAMS 0x0000000544400000 space 2048K, 100% used [0x0000000544400000, 0x0000000544600000)
AC   0  O    TS     9 PTAMS 0x0000000544600000 NTAMS 0x0000000544600000 space 2048K, 100% used [0x0000000544600000, 0x0000000544800000)
AC   0  O    TS     9 PTAMS 0x0000000544800000 NTAMS 0x0000000544800000 space 2048K, 100% used [0x0000000544800000, 0x0000000544a00000)
AC   0  O    TS    11 PTAMS 0x0000000544a00000 NTAMS 0x0000000544a00000 space 2048K, 100% used [0x0000000544a00000, 0x0000000544c00000)
AC   0  O    TS    11 PTAMS 0x0000000544c00000 NTAMS 0x0000000544c00000 space 2048K, 100% used [0x0000000544c00000, 0x0000000544e00000)
AC   0  O    TS    11 PTAMS 0x0000000544e00000 NTAMS 0x0000000544e00000 space 2048K, 100% used [0x0000000544e00000, 0x0000000545000000)
AC   0  O    TS    11 PTAMS 0x0000000545000000 NTAMS 0x0000000545000000 space 2048K, 100% used [0x0000000545000000, 0x0000000545200000)
AC   0  O    TS    11 PTAMS 0x0000000545200000 NTAMS 0x0000000545200000 space 2048K, 100% used [0x0000000545200000, 0x0000000545400000)
AC   0  O    TS    11 PTAMS 0x0000000545400000 NTAMS 0x0000000545400000 space 2048K, 100% used [0x0000000545400000, 0x0000000545600000)
AC   0  O    TS    11 PTAMS 0x0000000545600000 NTAMS 0x0000000545600000 space 2048K, 100% used [0x0000000545600000, 0x0000000545800000)
AC   0  O    TS    11 PTAMS 0x0000000545800000 NTAMS 0x0000000545800000 space 2048K, 100% used [0x0000000545800000, 0x0000000545a00000)
AC   0  O    TS    11 PTAMS 0x0000000545a00000 NTAMS 0x0000000545a00000 space 2048K, 100% used [0x0000000545a00000, 0x0000000545c00000)
AC   0  O    TS    11 PTAMS 0x0000000545c00000 NTAMS 0x0000000545c00000 space 2048K, 100% used [0x0000000545c00000, 0x0000000545e00000)
AC   0  O    TS    11 PTAMS 0x0000000545e00000 NTAMS 0x0000000545e00000 space 2048K, 100% used [0x0000000545e00000, 0x0000000546000000)
AC   0  O    TS    11 PTAMS 0x0000000546000000 NTAMS 0x0000000546000000 space 2048K, 100% used [0x0000000546000000, 0x0000000546200000)
AC   0  O    TS    11 PTAMS 0x0000000546200000 NTAMS 0x0000000546200000 space 2048K, 100% used [0x0000000546200000, 0x0000000546400000)
AC   0  O    TS    11 PTAMS 0x0000000546400000 NTAMS 0x0000000546400000 space 2048K, 100% used [0x0000000546400000, 0x0000000546600000)
AC   0  O    TS    11 PTAMS 0x0000000546600000 NTAMS 0x0000000546600000 space 2048K, 100% used [0x0000000546600000, 0x0000000546800000)
AC   0  O    TS    11 PTAMS 0x0000000546800000 NTAMS 0x0000000546800000 space 2048K,  50% used [0x0000000546800000, 0x0000000546a00000)
AC   0  F    TS     0 PTAMS 0x0000000546a00000 NTAMS 0x0000000546a00000 space 2048K,   0% used [0x0000000546a00000, 0x0000000546c00000)
AC   0  F    TS     0 PTAMS 0x0000000546c00000 NTAMS 0x0000000546c00000 space 2048K,   0% used [0x0000000546c00000, 0x0000000546e00000)
AC   0  F    TS     0 PTAMS 0x0000000546e00000 NTAMS 0x0000000546e00000 space 2048K,   0% used [0x0000000546e00000, 0x0000000547000000)
AC   0  F    TS     0 PTAMS 0x0000000547000000 NTAMS 0x0000000547000000 space 2048K,   0% used [0x0000000547000000, 0x0000000547200000)
AC   0  F    TS     0 PTAMS 0x0000000547200000 NTAMS 0x0000000547200000 space 2048K,   0% used [0x0000000547200000, 0x0000000547400000)
AC   0  F    TS     0 PTAMS 0x0000000547400000 NTAMS 0x0000000547400000 space 2048K,   0% used [0x0000000547400000, 0x0000000547600000)
AC   0  F    TS     0 PTAMS 0x0000000547600000 NTAMS 0x0000000547600000 space 2048K,   0% used [0x0000000547600000, 0x0000000547800000)
AC   0  F    TS     0 PTAMS 0x0000000547800000 NTAMS 0x0000000547800000 space 2048K,   0% used [0x0000000547800000, 0x0000000547a00000)
AC   0  F    TS     0 PTAMS 0x0000000547a00000 NTAMS 0x0000000547a00000 space 2048K,   0% used [0x0000000547a00000, 0x0000000547c00000)
AC   0  F    TS     0 PTAMS 0x0000000547c00000 NTAMS 0x0000000547c00000 space 2048K,   0% used [0x0000000547c00000, 0x0000000547e00000)
AC   0  F    TS     0 PTAMS 0x0000000547e00000 NTAMS 0x0000000547e00000 space 2048K,   0% used [0x0000000547e00000, 0x0000000548000000)
AC   0  F    TS     0 PTAMS 0x0000000548000000 NTAMS 0x0000000548000000 space 2048K,   0% used [0x0000000548000000, 0x0000000548200000)
AC   0  F    TS     0 PTAMS 0x0000000548200000 NTAMS 0x0000000548200000 space 2048K,   0% used [0x0000000548200000, 0x0000000548400000)
AC   0  F    TS     0 PTAMS 0x0000000548400000 NTAMS 0x0000000548400000 space 2048K,   0% used [0x0000000548400000, 0x0000000548600000)
AC   0  F    TS     0 PTAMS 0x0000000548600000 NTAMS 0x0000000548600000 space 2048K,   0% used [0x0000000548600000, 0x0000000548800000)
AC   0  F    TS     0 PTAMS 0x0000000548800000 NTAMS 0x0000000548800000 space 2048K,   0% used [0x0000000548800000, 0x0000000548a00000)
AC   0  F    TS     0 PTAMS 0x0000000548a00000 NTAMS 0x0000000548a00000 space 2048K,   0% used [0x0000000548a00000, 0x0000000548c00000)
AC   0  F    TS     0 PTAMS 0x0000000548c00000 NTAMS 0x0000000548c00000 space 2048K,   0% used [0x0000000548c00000, 0x0000000548e00000)
AC   0  F    TS     0 PTAMS 0x0000000548e00000 NTAMS 0x0000000548e00000 space 2048K,   0% used [0x0000000548e00000, 0x0000000549000000)
AC   0  F    TS     0 PTAMS 0x0000000549000000 NTAMS 0x0000000549000000 space 2048K,   0% used [0x0000000549000000, 0x0000000549200000)
AC   0  F    TS     0 PTAMS 0x0000000549200000 NTAMS 0x0000000549200000 space 2048K,   0% used [0x0000000549200000, 0x0000000549400000)
AC   0  F    TS     0 PTAMS 0x0000000549400000 NTAMS 0x0000000549400000 space 2048K,   0% used [0x0000000549400000, 0x0000000549600000)
AC   0  F    TS     0 PTAMS 0x0000000549600000 NTAMS 0x0000000549600000 space 2048K,   0% used [0x0000000549600000, 0x0000000549800000)
AC   0  F    TS     0 PTAMS 0x0000000549800000 NTAMS 0x0000000549800000 space 2048K,   0% used [0x0000000549800000, 0x0000000549a00000)
AC   0  F    TS     0 PTAMS 0x0000000549a00000 NTAMS 0x0000000549a00000 space 2048K,   0% used [0x0000000549a00000, 0x0000000549c00000)
AC   0  F    TS     0 PTAMS 0x0000000549c00000 NTAMS 0x0000000549c00000 space 2048K,   0% used [0x0000000549c00000, 0x0000000549e00000)
AC   0  F    TS     0 PTAMS 0x0000000549e00000 NTAMS 0x0000000549e00000 space 2048K,   0% used [0x0000000549e00000, 0x000000054a000000)
AC   0  F    TS     0 PTAMS 0x000000054a000000 NTAMS 0x000000054a000000 space 2048K,   0% used [0x000000054a000000, 0x000000054a200000)
AC   0  F    TS     0 PTAMS 0x000000054a200000 NTAMS 0x000000054a200000 space 2048K,   0% used [0x000000054a200000, 0x000000054a400000)
AC   0  F    TS     0 PTAMS 0x000000054a400000 NTAMS 0x000000054a400000 space 2048K,   0% used [0x000000054a400000, 0x000000054a600000)
AC   0  F    TS     0 PTAMS 0x000000054a600000 NTAMS 0x000000054a600000 space 2048K,   0% used [0x000000054a600000, 0x000000054a800000)
AC   0  F    TS     0 PTAMS 0x000000054a800000 NTAMS 0x000000054a800000 space 2048K,   0% used [0x000000054a800000, 0x000000054aa00000)
AC   0  F    TS     0 PTAMS 0x000000054aa00000 NTAMS 0x000000054aa00000 space 2048K,   0% used [0x000000054aa00000, 0x000000054ac00000)
AC   0  F    TS     0 PTAMS 0x000000054ac00000 NTAMS 0x000000054ac00000 space 2048K,   0% used [0x000000054ac00000, 0x000000054ae00000)
AC   0  F    TS     0 PTAMS 0x000000054ae00000 NTAMS 0x000000054ae00000 space 2048K,   0% used [0x000000054ae00000, 0x000000054b000000)
AC   0  F    TS     0 PTAMS 0x000000054b000000 NTAMS 0x000000054b000000 space 2048K,   0% used [0x000000054b000000, 0x000000054b200000)
AC   0  F    TS     0 PTAMS 0x000000054b200000 NTAMS 0x000000054b200000 space 2048K,   0% used [0x000000054b200000, 0x000000054b400000)
AC   0  F    TS     0 PTAMS 0x000000054b400000 NTAMS 0x000000054b400000 space 2048K,   0% used [0x000000054b400000, 0x000000054b600000)
AC   0  F    TS     0 PTAMS 0x000000054b600000 NTAMS 0x000000054b600000 space 2048K,   0% used [0x000000054b600000, 0x000000054b800000)
AC   0  F    TS     0 PTAMS 0x000000054b800000 NTAMS 0x000000054b800000 space 2048K,   0% used [0x000000054b800000, 0x000000054ba00000)
AC   0  F    TS     0 PTAMS 0x000000054ba00000 NTAMS 0x000000054ba00000 space 2048K,   0% used [0x000000054ba00000, 0x000000054bc00000)
AC   0  F    TS     0 PTAMS 0x000000054bc00000 NTAMS 0x000000054bc00000 space 2048K,   0% used [0x000000054bc00000, 0x000000054be00000)
AC   0  F    TS     0 PTAMS 0x000000054be00000 NTAMS 0x000000054be00000 space 2048K,   0% used [0x000000054be00000, 0x000000054c000000)
AC   0  F    TS     0 PTAMS 0x000000054c000000 NTAMS 0x000000054c000000 space 2048K,   0% used [0x000000054c000000, 0x000000054c200000)
AC   0  F    TS     0 PTAMS 0x000000054c200000 NTAMS 0x000000054c200000 space 2048K,   0% used [0x000000054c200000, 0x000000054c400000)
AC   0  F    TS     0 PTAMS 0x000000054c400000 NTAMS 0x000000054c400000 space 2048K,   0% used [0x000000054c400000, 0x000000054c600000)
AC   0  F    TS     0 PTAMS 0x000000054c600000 NTAMS 0x000000054c600000 space 2048K,   0% used [0x000000054c600000, 0x000000054c800000)
AC   0  F    TS     0 PTAMS 0x000000054c800000 NTAMS 0x000000054c800000 space 2048K,   0% used [0x000000054c800000, 0x000000054ca00000)
AC   0  F    TS     0 PTAMS 0x000000054ca00000 NTAMS 0x000000054ca00000 space 2048K,   0% used [0x000000054ca00000, 0x000000054cc00000)
AC   0  F    TS     0 PTAMS 0x000000054cc00000 NTAMS 0x000000054cc00000 space 2048K,   0% used [0x000000054cc00000, 0x000000054ce00000)
AC   0  F    TS     0 PTAMS 0x000000054ce00000 NTAMS 0x000000054ce00000 space 2048K,   0% used [0x000000054ce00000, 0x000000054d000000)
AC   0  F    TS     0 PTAMS 0x000000054d000000 NTAMS 0x000000054d000000 space 2048K,   0% used [0x000000054d000000, 0x000000054d200000)
AC   0  F    TS     0 PTAMS 0x000000054d200000 NTAMS 0x000000054d200000 space 2048K,   0% used [0x000000054d200000, 0x000000054d400000)
AC   0  F    TS     0 PTAMS 0x000000054d400000 NTAMS 0x000000054d400000 space 2048K,   0% used [0x000000054d400000, 0x000000054d600000)
AC   0  F    TS     0 PTAMS 0x000000054d600000 NTAMS 0x000000054d600000 space 2048K,   0% used [0x000000054d600000, 0x000000054d800000)
AC   0  F    TS     0 PTAMS 0x000000054d800000 NTAMS 0x000000054d800000 space 2048K,   0% used [0x000000054d800000, 0x000000054da00000)
AC   0  F    TS     0 PTAMS 0x000000054da00000 NTAMS 0x000000054da00000 space 2048K,   0% used [0x000000054da00000, 0x000000054dc00000)
AC   0  F    TS     0 PTAMS 0x000000054dc00000 NTAMS 0x000000054dc00000 space 2048K,   0% used [0x000000054dc00000, 0x000000054de00000)
AC   0  F    TS     0 PTAMS 0x000000054de00000 NTAMS 0x000000054de00000 space 2048K,   0% used [0x000000054de00000, 0x000000054e000000)
AC   0  F    TS     0 PTAMS 0x000000054e000000 NTAMS 0x000000054e000000 space 2048K,   0% used [0x000000054e000000, 0x000000054e200000)
AC   0  F    TS     0 PTAMS 0x000000054e200000 NTAMS 0x000000054e200000 space 2048K,   0% used [0x000000054e200000, 0x000000054e400000)
AC   0  F    TS     0 PTAMS 0x000000054e400000 NTAMS 0x000000054e400000 space 2048K,   0% used [0x000000054e400000, 0x000000054e600000)
AC   0  F    TS     0 PTAMS 0x000000054e600000 NTAMS 0x000000054e600000 space 2048K,   0% used [0x000000054e600000, 0x000000054e800000)
AC   0  F    TS     0 PTAMS 0x000000054e800000 NTAMS 0x000000054e800000 space 2048K,   0% used [0x000000054e800000, 0x000000054ea00000)
AC   0  F    TS     0 PTAMS 0x000000054ea00000 NTAMS 0x000000054ea00000 space 2048K,   0% used [0x000000054ea00000, 0x000000054ec00000)
AC   0  F    TS     0 PTAMS 0x000000054ec00000 NTAMS 0x000000054ec00000 space 2048K,   0% used [0x000000054ec00000, 0x000000054ee00000)
AC   0  F    TS     0 PTAMS 0x000000054ee00000 NTAMS 0x000000054ee00000 space 2048K,   0% used [0x000000054ee00000, 0x000000054f000000)
AC   0  F    TS     0 PTAMS 0x000000054f000000 NTAMS 0x000000054f000000 space 2048K,   0% used [0x000000054f000000, 0x000000054f200000)
AC   0  F    TS     0 PTAMS 0x000000054f200000 NTAMS 0x000000054f200000 space 2048K,   0% used [0x000000054f200000, 0x000000054f400000)
AC   0  F    TS     0 PTAMS 0x000000054f400000 NTAMS 0x000000054f400000 space 2048K,   0% used [0x000000054f400000, 0x000000054f600000)
AC   0  F    TS     0 PTAMS 0x000000054f600000 NTAMS 0x000000054f600000 space 2048K,   0% used [0x000000054f600000, 0x000000054f800000)
AC   0  F    TS     0 PTAMS 0x000000054f800000 NTAMS 0x000000054f800000 space 2048K,   0% used [0x000000054f800000, 0x000000054fa00000)
AC   0  F    TS     0 PTAMS 0x000000054fa00000 NTAMS 0x000000054fa00000 space 2048K,   0% used [0x000000054fa00000, 0x000000054fc00000)
AC   0  F    TS     0 PTAMS 0x000000054fc00000 NTAMS 0x000000054fc00000 space 2048K,   0% used [0x000000054fc00000, 0x000000054fe00000)
AC   0  F    TS     0 PTAMS 0x000000054fe00000 NTAMS 0x000000054fe00000 space 2048K,   0% used [0x000000054fe00000, 0x0000000550000000)
AC   0  F    TS     0 PTAMS 0x0000000550000000 NTAMS 0x0000000550000000 space 2048K,   0% used [0x0000000550000000, 0x0000000550200000)
AC   0  F    TS     0 PTAMS 0x0000000550200000 NTAMS 0x0000000550200000 space 2048K,   0% used [0x0000000550200000, 0x0000000550400000)
AC   0  F    TS     0 PTAMS 0x0000000550400000 NTAMS 0x0000000550400000 space 2048K,   0% used [0x0000000550400000, 0x0000000550600000)
AC   0  F    TS     0 PTAMS 0x0000000550600000 NTAMS 0x0000000550600000 space 2048K,   0% used [0x0000000550600000, 0x0000000550800000)
AC   0  F    TS     0 PTAMS 0x0000000550800000 NTAMS 0x0000000550800000 space 2048K,   0% used [0x0000000550800000, 0x0000000550a00000)
AC   0  F    TS     0 PTAMS 0x0000000550a00000 NTAMS 0x0000000550a00000 space 2048K,   0% used [0x0000000550a00000, 0x0000000550c00000)
AC   0  F    TS     0 PTAMS 0x0000000550c00000 NTAMS 0x0000000550c00000 space 2048K,   0% used [0x0000000550c00000, 0x0000000550e00000)
AC   0  F    TS     0 PTAMS 0x0000000550e00000 NTAMS 0x0000000550e00000 space 2048K,   0% used [0x0000000550e00000, 0x0000000551000000)
AC   0  F    TS     0 PTAMS 0x0000000551000000 NTAMS 0x0000000551000000 space 2048K,   0% used [0x0000000551000000, 0x0000000551200000)
AC   0  F    TS     0 PTAMS 0x0000000551200000 NTAMS 0x0000000551200000 space 2048K,   0% used [0x0000000551200000, 0x0000000551400000)
AC   0  F    TS     0 PTAMS 0x0000000551400000 NTAMS 0x0000000551400000 space 2048K,   0% used [0x0000000551400000, 0x0000000551600000)
AC   0  F    TS     0 PTAMS 0x0000000551600000 NTAMS 0x0000000551600000 space 2048K,   0% used [0x0000000551600000, 0x0000000551800000)
AC   0  F    TS     0 PTAMS 0x0000000551800000 NTAMS 0x0000000551800000 space 2048K,   0% used [0x0000000551800000, 0x0000000551a00000)
AC   0  F    TS     0 PTAMS 0x0000000551a00000 NTAMS 0x0000000551a00000 space 2048K,   0% used [0x0000000551a00000, 0x0000000551c00000)
AC   0  F    TS     0 PTAMS 0x0000000551c00000 NTAMS 0x0000000551c00000 space 2048K,   0% used [0x0000000551c00000, 0x0000000551e00000)
AC   0  F    TS     0 PTAMS 0x0000000551e00000 NTAMS 0x0000000551e00000 space 2048K,   0% used [0x0000000551e00000, 0x0000000552000000)
AC   0  F    TS     0 PTAMS 0x0000000552000000 NTAMS 0x0000000552000000 space 2048K,   0% used [0x0000000552000000, 0x0000000552200000)
AC   0  F    TS     0 PTAMS 0x0000000552200000 NTAMS 0x0000000552200000 space 2048K,   0% used [0x0000000552200000, 0x0000000552400000)
AC   0  F    TS     0 PTAMS 0x0000000552400000 NTAMS 0x0000000552400000 space 2048K,   0% used [0x0000000552400000, 0x0000000552600000)
AC   0  F    TS     0 PTAMS 0x0000000552600000 NTAMS 0x0000000552600000 space 2048K,   0% used [0x0000000552600000, 0x0000000552800000)
AC   0  F    TS     0 PTAMS 0x0000000552800000 NTAMS 0x0000000552800000 space 2048K,   0% used [0x0000000552800000, 0x0000000552a00000)
AC   0  F    TS     0 PTAMS 0x0000000552a00000 NTAMS 0x0000000552a00000 space 2048K,   0% used [0x0000000552a00000, 0x0000000552c00000)
AC   0  F    TS     0 PTAMS 0x0000000552c00000 NTAMS 0x0000000552c00000 space 2048K,   0% used [0x0000000552c00000, 0x0000000552e00000)
AC   0  F    TS     0 PTAMS 0x0000000552e00000 NTAMS 0x0000000552e00000 space 2048K,   0% used [0x0000000552e00000, 0x0000000553000000)
AC   0  F    TS     0 PTAMS 0x0000000553000000 NTAMS 0x0000000553000000 space 2048K,   0% used [0x0000000553000000, 0x0000000553200000)
AC   0  F    TS     0 PTAMS 0x0000000553200000 NTAMS 0x0000000553200000 space 2048K,   0% used [0x0000000553200000, 0x0000000553400000)
AC   0  F    TS     0 PTAMS 0x0000000553400000 NTAMS 0x0000000553400000 space 2048K,   0% used [0x0000000553400000, 0x0000000553600000)
AC   0  F    TS     0 PTAMS 0x0000000553600000 NTAMS 0x0000000553600000 space 2048K,   0% used [0x0000000553600000, 0x0000000553800000)
AC   0  F    TS     0 PTAMS 0x0000000553800000 NTAMS 0x0000000553800000 space 2048K,   0% used [0x0000000553800000, 0x0000000553a00000)
AC   0  F    TS     0 PTAMS 0x0000000553a00000 NTAMS 0x0000000553a00000 space 2048K,   0% used [0x0000000553a00000, 0x0000000553c00000)
AC   0  F    TS     0 PTAMS 0x0000000553c00000 NTAMS 0x0000000553c00000 space 2048K,   0% used [0x0000000553c00000, 0x0000000553e00000)
AC   0  F    TS     0 PTAMS 0x0000000553e00000 NTAMS 0x0000000553e00000 space 2048K,   0% used [0x0000000553e00000, 0x0000000554000000)
AC   0  F    TS     0 PTAMS 0x0000000554000000 NTAMS 0x0000000554000000 space 2048K,   0% used [0x0000000554000000, 0x0000000554200000)
AC   0  F    TS     0 PTAMS 0x0000000554200000 NTAMS 0x0000000554200000 space 2048K,   0% used [0x0000000554200000, 0x0000000554400000)
AC   0  F    TS     0 PTAMS 0x0000000554400000 NTAMS 0x0000000554400000 space 2048K,   0% used [0x0000000554400000, 0x0000000554600000)
AC   0  F    TS     0 PTAMS 0x0000000554600000 NTAMS 0x0000000554600000 space 2048K,   0% used [0x0000000554600000, 0x0000000554800000)
AC   0  F    TS     0 PTAMS 0x0000000554800000 NTAMS 0x0000000554800000 space 2048K,   0% used [0x0000000554800000, 0x0000000554a00000)
AC   0  F    TS     0 PTAMS 0x0000000554a00000 NTAMS 0x0000000554a00000 space 2048K,   0% used [0x0000000554a00000, 0x0000000554c00000)
AC   0  F    TS     0 PTAMS 0x0000000554c00000 NTAMS 0x0000000554c00000 space 2048K,   0% used [0x0000000554c00000, 0x0000000554e00000)
AC   0  F    TS     0 PTAMS 0x0000000554e00000 NTAMS 0x0000000554e00000 space 2048K,   0% used [0x0000000554e00000, 0x0000000555000000)
AC   0  F    TS     0 PTAMS 0x0000000555000000 NTAMS 0x0000000555000000 space 2048K,   0% used [0x0000000555000000, 0x0000000555200000)
AC   0  F    TS     0 PTAMS 0x0000000555200000 NTAMS 0x0000000555200000 space 2048K,   0% used [0x0000000555200000, 0x0000000555400000)
AC   0  F    TS     0 PTAMS 0x0000000555400000 NTAMS 0x0000000555400000 space 2048K,   0% used [0x0000000555400000, 0x0000000555600000)
AC   0  F    TS     0 PTAMS 0x0000000555600000 NTAMS 0x0000000555600000 space 2048K,   0% used [0x0000000555600000, 0x0000000555800000)
AC   0  F    TS     0 PTAMS 0x0000000555800000 NTAMS 0x0000000555800000 space 2048K,   0% used [0x0000000555800000, 0x0000000555a00000)
AC   0  F    TS     0 PTAMS 0x0000000555a00000 NTAMS 0x0000000555a00000 space 2048K,   0% used [0x0000000555a00000, 0x0000000555c00000)
AC   0  F    TS     0 PTAMS 0x0000000555c00000 NTAMS 0x0000000555c00000 space 2048K,   0% used [0x0000000555c00000, 0x0000000555e00000)
AC   0  F    TS     0 PTAMS 0x0000000555e00000 NTAMS 0x0000000555e00000 space 2048K,   0% used [0x0000000555e00000, 0x0000000556000000)
AC   0  F    TS     0 PTAMS 0x0000000556000000 NTAMS 0x0000000556000000 space 2048K,   0% used [0x0000000556000000, 0x0000000556200000)
AC   0  F    TS     0 PTAMS 0x0000000556200000 NTAMS 0x0000000556200000 space 2048K,   0% used [0x0000000556200000, 0x0000000556400000)
AC   0  F    TS     0 PTAMS 0x0000000556400000 NTAMS 0x0000000556400000 space 2048K,   0% used [0x0000000556400000, 0x0000000556600000)
AC   0  F    TS     0 PTAMS 0x0000000556600000 NTAMS 0x0000000556600000 space 2048K,   0% used [0x0000000556600000, 0x0000000556800000)
AC   0  F    TS     0 PTAMS 0x0000000556800000 NTAMS 0x0000000556800000 space 2048K,   0% used [0x0000000556800000, 0x0000000556a00000)
AC   0  F    TS     0 PTAMS 0x0000000556a00000 NTAMS 0x0000000556a00000 space 2048K,   0% used [0x0000000556a00000, 0x0000000556c00000)
AC   0  F    TS     0 PTAMS 0x0000000556c00000 NTAMS 0x0000000556c00000 space 2048K,   0% used [0x0000000556c00000, 0x0000000556e00000)
AC   0  F    TS     0 PTAMS 0x0000000556e00000 NTAMS 0x0000000556e00000 space 2048K,   0% used [0x0000000556e00000, 0x0000000557000000)
AC   0  F    TS     0 PTAMS 0x0000000557000000 NTAMS 0x0000000557000000 space 2048K,   0% used [0x0000000557000000, 0x0000000557200000)
AC   0  F    TS     0 PTAMS 0x0000000557200000 NTAMS 0x0000000557200000 space 2048K,   0% used [0x0000000557200000, 0x0000000557400000)
AC   0  F    TS     0 PTAMS 0x0000000557400000 NTAMS 0x0000000557400000 space 2048K,   0% used [0x0000000557400000, 0x0000000557600000)
AC   0  F    TS     0 PTAMS 0x0000000557600000 NTAMS 0x0000000557600000 space 2048K,   0% used [0x0000000557600000, 0x0000000557800000)
AC   0  F    TS     0 PTAMS 0x0000000557800000 NTAMS 0x0000000557800000 space 2048K,   0% used [0x0000000557800000, 0x0000000557a00000)
AC   0  F    TS     0 PTAMS 0x0000000557a00000 NTAMS 0x0000000557a00000 space 2048K,   0% used [0x0000000557a00000, 0x0000000557c00000)
AC   0  F    TS     0 PTAMS 0x0000000557c00000 NTAMS 0x0000000557c00000 space 2048K,   0% used [0x0000000557c00000, 0x0000000557e00000)
AC   0  F    TS     0 PTAMS 0x0000000557e00000 NTAMS 0x0000000557e00000 space 2048K,   0% used [0x0000000557e00000, 0x0000000558000000)
AC   0  F    TS     0 PTAMS 0x0000000558000000 NTAMS 0x0000000558000000 space 2048K,   0% used [0x0000000558000000, 0x0000000558200000)
AC   0  F    TS     0 PTAMS 0x0000000558200000 NTAMS 0x0000000558200000 space 2048K,   0% used [0x0000000558200000, 0x0000000558400000)
AC   0  F    TS     0 PTAMS 0x0000000558400000 NTAMS 0x0000000558400000 space 2048K,   0% used [0x0000000558400000, 0x0000000558600000)
AC   0  F    TS     0 PTAMS 0x0000000558600000 NTAMS 0x0000000558600000 space 2048K,   0% used [0x0000000558600000, 0x0000000558800000)
AC   0  F    TS     0 PTAMS 0x0000000558800000 NTAMS 0x0000000558800000 space 2048K,   0% used [0x0000000558800000, 0x0000000558a00000)
AC   0  F    TS     0 PTAMS 0x0000000558a00000 NTAMS 0x0000000558a00000 space 2048K,   0% used [0x0000000558a00000, 0x0000000558c00000)
AC   0  F    TS     0 PTAMS 0x0000000558c00000 NTAMS 0x0000000558c00000 space 2048K,   0% used [0x0000000558c00000, 0x0000000558e00000)
AC   0  F    TS     0 PTAMS 0x0000000558e00000 NTAMS 0x0000000558e00000 space 2048K,   0% used [0x0000000558e00000, 0x0000000559000000)
AC   0  F    TS     0 PTAMS 0x0000000559000000 NTAMS 0x0000000559000000 space 2048K,   0% used [0x0000000559000000, 0x0000000559200000)
AC   0  F    TS     0 PTAMS 0x0000000559200000 NTAMS 0x0000000559200000 space 2048K,   0% used [0x0000000559200000, 0x0000000559400000)
AC   0  F    TS     0 PTAMS 0x0000000559400000 NTAMS 0x0000000559400000 space 2048K,   0% used [0x0000000559400000, 0x0000000559600000)
AC   0  F    TS     0 PTAMS 0x0000000559600000 NTAMS 0x0000000559600000 space 2048K,   0% used [0x0000000559600000, 0x0000000559800000)
AC   0  F    TS     0 PTAMS 0x0000000559800000 NTAMS 0x0000000559800000 space 2048K,   0% used [0x0000000559800000, 0x0000000559a00000)
AC   0  F    TS     0 PTAMS 0x0000000559a00000 NTAMS 0x0000000559a00000 space 2048K,   0% used [0x0000000559a00000, 0x0000000559c00000)
AC   0  F    TS     0 PTAMS 0x0000000559c00000 NTAMS 0x0000000559c00000 space 2048K,   0% used [0x0000000559c00000, 0x0000000559e00000)
AC   0  F    TS     0 PTAMS 0x0000000559e00000 NTAMS 0x0000000559e00000 space 2048K,   0% used [0x0000000559e00000, 0x000000055a000000)
AC   0  F    TS     0 PTAMS 0x000000055a000000 NTAMS 0x000000055a000000 space 2048K,   0% used [0x000000055a000000, 0x000000055a200000)
AC   0  F    TS     0 PTAMS 0x000000055a200000 NTAMS 0x000000055a200000 space 2048K,   0% used [0x000000055a200000, 0x000000055a400000)
AC   0  F    TS     0 PTAMS 0x000000055a400000 NTAMS 0x000000055a400000 space 2048K,   0% used [0x000000055a400000, 0x000000055a600000)
AC   0  F    TS     0 PTAMS 0x000000055a600000 NTAMS 0x000000055a600000 space 2048K,   0% used [0x000000055a600000, 0x000000055a800000)
AC   0  F    TS     0 PTAMS 0x000000055a800000 NTAMS 0x000000055a800000 space 2048K,   0% used [0x000000055a800000, 0x000000055aa00000)
AC   0  F    TS     0 PTAMS 0x000000055aa00000 NTAMS 0x000000055aa00000 space 2048K,   0% used [0x000000055aa00000, 0x000000055ac00000)
AC   0  F    TS     0 PTAMS 0x000000055ac00000 NTAMS 0x000000055ac00000 space 2048K,   0% used [0x000000055ac00000, 0x000000055ae00000)
AC   0  F    TS     0 PTAMS 0x000000055ae00000 NTAMS 0x000000055ae00000 space 2048K,   0% used [0x000000055ae00000, 0x000000055b000000)
AC   0  F    TS     0 PTAMS 0x000000055b000000 NTAMS 0x000000055b000000 space 2048K,   0% used [0x000000055b000000, 0x000000055b200000)
AC   0  F    TS     0 PTAMS 0x000000055b200000 NTAMS 0x000000055b200000 space 2048K,   0% used [0x000000055b200000, 0x000000055b400000)
AC   0  F    TS     0 PTAMS 0x000000055b400000 NTAMS 0x000000055b400000 space 2048K,   0% used [0x000000055b400000, 0x000000055b600000)
AC   0  F    TS     0 PTAMS 0x000000055b600000 NTAMS 0x000000055b600000 space 2048K,   0% used [0x000000055b600000, 0x000000055b800000)
AC   0  F    TS     0 PTAMS 0x000000055b800000 NTAMS 0x000000055b800000 space 2048K,   0% used [0x000000055b800000, 0x000000055ba00000)
AC   0  F    TS     0 PTAMS 0x000000055ba00000 NTAMS 0x000000055ba00000 space 2048K,   0% used [0x000000055ba00000, 0x000000055bc00000)
AC   0  F    TS     0 PTAMS 0x000000055bc00000 NTAMS 0x000000055bc00000 space 2048K,   0% used [0x000000055bc00000, 0x000000055be00000)
AC   0  F    TS     0 PTAMS 0x000000055be00000 NTAMS 0x000000055be00000 space 2048K,   0% used [0x000000055be00000, 0x000000055c000000)
AC   0  F    TS     0 PTAMS 0x000000055c000000 NTAMS 0x000000055c000000 space 2048K,   0% used [0x000000055c000000, 0x000000055c200000)
AC   0  F    TS     0 PTAMS 0x000000055c200000 NTAMS 0x000000055c200000 space 2048K,   0% used [0x000000055c200000, 0x000000055c400000)
AC   0  F    TS     0 PTAMS 0x000000055c400000 NTAMS 0x000000055c400000 space 2048K,   0% used [0x000000055c400000, 0x000000055c600000)
AC   0  F    TS     0 PTAMS 0x000000055c600000 NTAMS 0x000000055c600000 space 2048K,   0% used [0x000000055c600000, 0x000000055c800000)
AC   0  F    TS     0 PTAMS 0x000000055c800000 NTAMS 0x000000055c800000 space 2048K,   0% used [0x000000055c800000, 0x000000055ca00000)
AC   0  F    TS     0 PTAMS 0x000000055ca00000 NTAMS 0x000000055ca00000 space 2048K,   0% used [0x000000055ca00000, 0x000000055cc00000)
AC   0  F    TS     0 PTAMS 0x000000055cc00000 NTAMS 0x000000055cc00000 space 2048K,   0% used [0x000000055cc00000, 0x000000055ce00000)
AC   0  F    TS     0 PTAMS 0x000000055ce00000 NTAMS 0x000000055ce00000 space 2048K,   0% used [0x000000055ce00000, 0x000000055d000000)
AC   0  F    TS     0 PTAMS 0x000000055d000000 NTAMS 0x000000055d000000 space 2048K,   0% used [0x000000055d000000, 0x000000055d200000)
AC   0  F    TS     0 PTAMS 0x000000055d200000 NTAMS 0x000000055d200000 space 2048K,   0% used [0x000000055d200000, 0x000000055d400000)
AC   0  F    TS     0 PTAMS 0x000000055d400000 NTAMS 0x000000055d400000 space 2048K,   0% used [0x000000055d400000, 0x000000055d600000)
AC   0  F    TS     0 PTAMS 0x000000055d600000 NTAMS 0x000000055d600000 space 2048K,   0% used [0x000000055d600000, 0x000000055d800000)
AC   0  F    TS     0 PTAMS 0x000000055d800000 NTAMS 0x000000055d800000 space 2048K,   0% used [0x000000055d800000, 0x000000055da00000)
AC   0  F    TS     0 PTAMS 0x000000055da00000 NTAMS 0x000000055da00000 space 2048K,   0% used [0x000000055da00000, 0x000000055dc00000)
AC   0  F    TS     0 PTAMS 0x000000055dc00000 NTAMS 0x000000055dc00000 space 2048K,   0% used [0x000000055dc00000, 0x000000055de00000)
AC   0  F    TS     0 PTAMS 0x000000055de00000 NTAMS 0x000000055de00000 space 2048K,   0% used [0x000000055de00000, 0x000000055e000000)
AC   0  F    TS     0 PTAMS 0x000000055e000000 NTAMS 0x000000055e000000 space 2048K,   0% used [0x000000055e000000, 0x000000055e200000)
AC   0  F    TS     0 PTAMS 0x000000055e200000 NTAMS 0x000000055e200000 space 2048K,   0% used [0x000000055e200000, 0x000000055e400000)
AC   0  F    TS     0 PTAMS 0x000000055e400000 NTAMS 0x000000055e400000 space 2048K,   0% used [0x000000055e400000, 0x000000055e600000)
AC   0  F    TS     0 PTAMS 0x000000055e600000 NTAMS 0x000000055e600000 space 2048K,   0% used [0x000000055e600000, 0x000000055e800000)
AC   0  F    TS     0 PTAMS 0x000000055e800000 NTAMS 0x000000055e800000 space 2048K,   0% used [0x000000055e800000, 0x000000055ea00000)
AC   0  F    TS     0 PTAMS 0x000000055ea00000 NTAMS 0x000000055ea00000 space 2048K,   0% used [0x000000055ea00000, 0x000000055ec00000)
AC   0  F    TS     0 PTAMS 0x000000055ec00000 NTAMS 0x000000055ec00000 space 2048K,   0% used [0x000000055ec00000, 0x000000055ee00000)
AC   0  F    TS     0 PTAMS 0x000000055ee00000 NTAMS 0x000000055ee00000 space 2048K,   0% used [0x000000055ee00000, 0x000000055f000000)
AC   0  F    TS     0 PTAMS 0x000000055f000000 NTAMS 0x000000055f000000 space 2048K,   0% used [0x000000055f000000, 0x000000055f200000)
AC   0  F    TS     0 PTAMS 0x000000055f200000 NTAMS 0x000000055f200000 space 2048K,   0% used [0x000000055f200000, 0x000000055f400000)
AC   0  F    TS     0 PTAMS 0x000000055f400000 NTAMS 0x000000055f400000 space 2048K,   0% used [0x000000055f400000, 0x000000055f600000)
AC   0  F    TS     0 PTAMS 0x000000055f600000 NTAMS 0x000000055f600000 space 2048K,   0% used [0x000000055f600000, 0x000000055f800000)
AC   0  F    TS     0 PTAMS 0x000000055f800000 NTAMS 0x000000055f800000 space 2048K,   0% used [0x000000055f800000, 0x000000055fa00000)
AC   0  F    TS     0 PTAMS 0x000000055fa00000 NTAMS 0x000000055fa00000 space 2048K,   0% used [0x000000055fa00000, 0x000000055fc00000)
AC   0  F    TS     0 PTAMS 0x000000055fc00000 NTAMS 0x000000055fc00000 space 2048K,   0% used [0x000000055fc00000, 0x000000055fe00000)
AC   0  F    TS     0 PTAMS 0x000000055fe00000 NTAMS 0x000000055fe00000 space 2048K,   0% used [0x000000055fe00000, 0x0000000560000000)
AC   0  F    TS     0 PTAMS 0x0000000560000000 NTAMS 0x0000000560000000 space 2048K,   0% used [0x0000000560000000, 0x0000000560200000)
AC   0  F    TS     0 PTAMS 0x0000000560200000 NTAMS 0x0000000560200000 space 2048K,   0% used [0x0000000560200000, 0x0000000560400000)
AC   0  F    TS     0 PTAMS 0x0000000560400000 NTAMS 0x0000000560400000 space 2048K,   0% used [0x0000000560400000, 0x0000000560600000)
AC   0  F    TS     0 PTAMS 0x0000000560600000 NTAMS 0x0000000560600000 space 2048K,   0% used [0x0000000560600000, 0x0000000560800000)
AC   0  F    TS     0 PTAMS 0x0000000560800000 NTAMS 0x0000000560800000 space 2048K,   0% used [0x0000000560800000, 0x0000000560a00000)
AC   0  F    TS     0 PTAMS 0x0000000560a00000 NTAMS 0x0000000560a00000 space 2048K,   0% used [0x0000000560a00000, 0x0000000560c00000)
AC   0  F    TS     0 PTAMS 0x0000000560c00000 NTAMS 0x0000000560c00000 space 2048K,   0% used [0x0000000560c00000, 0x0000000560e00000)
AC   0  F    TS     0 PTAMS 0x0000000560e00000 NTAMS 0x0000000560e00000 space 2048K,   0% used [0x0000000560e00000, 0x0000000561000000)
AC   0  F    TS     0 PTAMS 0x0000000561000000 NTAMS 0x0000000561000000 space 2048K,   0% used [0x0000000561000000, 0x0000000561200000)
AC   0  F    TS     0 PTAMS 0x0000000561200000 NTAMS 0x0000000561200000 space 2048K,   0% used [0x0000000561200000, 0x0000000561400000)
AC   0  F    TS     0 PTAMS 0x0000000561400000 NTAMS 0x0000000561400000 space 2048K,   0% used [0x0000000561400000, 0x0000000561600000)
AC   0  F    TS     0 PTAMS 0x0000000561600000 NTAMS 0x0000000561600000 space 2048K,   0% used [0x0000000561600000, 0x0000000561800000)
AC   0  F    TS     0 PTAMS 0x0000000561800000 NTAMS 0x0000000561800000 space 2048K,   0% used [0x0000000561800000, 0x0000000561a00000)
AC   0  F    TS     0 PTAMS 0x0000000561a00000 NTAMS 0x0000000561a00000 space 2048K,   0% used [0x0000000561a00000, 0x0000000561c00000)
AC   0  F    TS     0 PTAMS 0x0000000561c00000 NTAMS 0x0000000561c00000 space 2048K,   0% used [0x0000000561c00000, 0x0000000561e00000)
AC   0  F    TS     0 PTAMS 0x0000000561e00000 NTAMS 0x0000000561e00000 space 2048K,   0% used [0x0000000561e00000, 0x0000000562000000)
AC   0  F    TS     0 PTAMS 0x0000000562000000 NTAMS 0x0000000562000000 space 2048K,   0% used [0x0000000562000000, 0x0000000562200000)
AC   0  F    TS     0 PTAMS 0x0000000562200000 NTAMS 0x0000000562200000 space 2048K,   0% used [0x0000000562200000, 0x0000000562400000)
AC   0  F    TS     0 PTAMS 0x0000000562400000 NTAMS 0x0000000562400000 space 2048K,   0% used [0x0000000562400000, 0x0000000562600000)
AC   0  F    TS     0 PTAMS 0x0000000562600000 NTAMS 0x0000000562600000 space 2048K,   0% used [0x0000000562600000, 0x0000000562800000)
AC   0  F    TS     0 PTAMS 0x0000000562800000 NTAMS 0x0000000562800000 space 2048K,   0% used [0x0000000562800000, 0x0000000562a00000)
AC   0  F    TS     0 PTAMS 0x0000000562a00000 NTAMS 0x0000000562a00000 space 2048K,   0% used [0x0000000562a00000, 0x0000000562c00000)
AC   0  F    TS     0 PTAMS 0x0000000562c00000 NTAMS 0x0000000562c00000 space 2048K,   0% used [0x0000000562c00000, 0x0000000562e00000)
AC   0  F    TS     0 PTAMS 0x0000000562e00000 NTAMS 0x0000000562e00000 space 2048K,   0% used [0x0000000562e00000, 0x0000000563000000)
AC   0  F    TS     0 PTAMS 0x0000000563000000 NTAMS 0x0000000563000000 space 2048K,   0% used [0x0000000563000000, 0x0000000563200000)
AC   0  F    TS     0 PTAMS 0x0000000563200000 NTAMS 0x0000000563200000 space 2048K,   0% used [0x0000000563200000, 0x0000000563400000)
AC   0  F    TS     0 PTAMS 0x0000000563400000 NTAMS 0x0000000563400000 space 2048K,   0% used [0x0000000563400000, 0x0000000563600000)
AC   0  F    TS     0 PTAMS 0x0000000563600000 NTAMS 0x0000000563600000 space 2048K,   0% used [0x0000000563600000, 0x0000000563800000)
AC   0  F    TS     0 PTAMS 0x0000000563800000 NTAMS 0x0000000563800000 space 2048K,   0% used [0x0000000563800000, 0x0000000563a00000)
AC   0  F    TS     0 PTAMS 0x0000000563a00000 NTAMS 0x0000000563a00000 space 2048K,   0% used [0x0000000563a00000, 0x0000000563c00000)
AC   0  F    TS     0 PTAMS 0x0000000563c00000 NTAMS 0x0000000563c00000 space 2048K,   0% used [0x0000000563c00000, 0x0000000563e00000)
AC   0  F    TS     0 PTAMS 0x0000000563e00000 NTAMS 0x0000000563e00000 space 2048K,   0% used [0x0000000563e00000, 0x0000000564000000)
AC   0  F    TS     0 PTAMS 0x0000000564000000 NTAMS 0x0000000564000000 space 2048K,   0% used [0x0000000564000000, 0x0000000564200000)
AC   0  F    TS     0 PTAMS 0x0000000564200000 NTAMS 0x0000000564200000 space 2048K,   0% used [0x0000000564200000, 0x0000000564400000)
AC   0  F    TS     0 PTAMS 0x0000000564400000 NTAMS 0x0000000564400000 space 2048K,   0% used [0x0000000564400000, 0x0000000564600000)
AC   0  F    TS     0 PTAMS 0x0000000564600000 NTAMS 0x0000000564600000 space 2048K,   0% used [0x0000000564600000, 0x0000000564800000)
AC   0  F    TS     0 PTAMS 0x0000000564800000 NTAMS 0x0000000564800000 space 2048K,   0% used [0x0000000564800000, 0x0000000564a00000)
AC   0  F    TS     0 PTAMS 0x0000000564a00000 NTAMS 0x0000000564a00000 space 2048K,   0% used [0x0000000564a00000, 0x0000000564c00000)
AC   0  F    TS     0 PTAMS 0x0000000564c00000 NTAMS 0x0000000564c00000 space 2048K,   0% used [0x0000000564c00000, 0x0000000564e00000)
AC   0  F    TS     0 PTAMS 0x0000000564e00000 NTAMS 0x0000000564e00000 space 2048K,   0% used [0x0000000564e00000, 0x0000000565000000)
AC   0  F    TS     0 PTAMS 0x0000000565000000 NTAMS 0x0000000565000000 space 2048K,   0% used [0x0000000565000000, 0x0000000565200000)
AC   0  F    TS     0 PTAMS 0x0000000565200000 NTAMS 0x0000000565200000 space 2048K,   0% used [0x0000000565200000, 0x0000000565400000)
AC   0  F    TS     0 PTAMS 0x0000000565400000 NTAMS 0x0000000565400000 space 2048K,   0% used [0x0000000565400000, 0x0000000565600000)
AC   0  F    TS     0 PTAMS 0x0000000565600000 NTAMS 0x0000000565600000 space 2048K,   0% used [0x0000000565600000, 0x0000000565800000)
AC   0  F    TS     0 PTAMS 0x0000000565800000 NTAMS 0x0000000565800000 space 2048K,   0% used [0x0000000565800000, 0x0000000565a00000)
AC   0  F    TS     0 PTAMS 0x0000000565a00000 NTAMS 0x0000000565a00000 space 2048K,   0% used [0x0000000565a00000, 0x0000000565c00000)
AC   0  F    TS     0 PTAMS 0x0000000565c00000 NTAMS 0x0000000565c00000 space 2048K,   0% used [0x0000000565c00000, 0x0000000565e00000)
AC   0  F    TS     0 PTAMS 0x0000000565e00000 NTAMS 0x0000000565e00000 space 2048K,   0% used [0x0000000565e00000, 0x0000000566000000)
AC   0  F    TS     0 PTAMS 0x0000000566000000 NTAMS 0x0000000566000000 space 2048K,   0% used [0x0000000566000000, 0x0000000566200000)
AC   0  F    TS     0 PTAMS 0x0000000566200000 NTAMS 0x0000000566200000 space 2048K,   0% used [0x0000000566200000, 0x0000000566400000)
AC   0  F    TS     0 PTAMS 0x0000000566400000 NTAMS 0x0000000566400000 space 2048K,   0% used [0x0000000566400000, 0x0000000566600000)
AC   0  F    TS     0 PTAMS 0x0000000566600000 NTAMS 0x0000000566600000 space 2048K,   0% used [0x0000000566600000, 0x0000000566800000)
AC   0  F    TS     0 PTAMS 0x0000000566800000 NTAMS 0x0000000566800000 space 2048K,   0% used [0x0000000566800000, 0x0000000566a00000)
AC   0  F    TS     0 PTAMS 0x0000000566a00000 NTAMS 0x0000000566a00000 space 2048K,   0% used [0x0000000566a00000, 0x0000000566c00000)
AC   0  F    TS     0 PTAMS 0x0000000566c00000 NTAMS 0x0000000566c00000 space 2048K,   0% used [0x0000000566c00000, 0x0000000566e00000)
AC   0  F    TS     0 PTAMS 0x0000000566e00000 NTAMS 0x0000000566e00000 space 2048K,   0% used [0x0000000566e00000, 0x0000000567000000)
AC   0  F    TS     0 PTAMS 0x0000000567000000 NTAMS 0x0000000567000000 space 2048K,   0% used [0x0000000567000000, 0x0000000567200000)
AC   0  F    TS     0 PTAMS 0x0000000567200000 NTAMS 0x0000000567200000 space 2048K,   0% used [0x0000000567200000, 0x0000000567400000)
AC   0  F    TS     0 PTAMS 0x0000000567400000 NTAMS 0x0000000567400000 space 2048K,   0% used [0x0000000567400000, 0x0000000567600000)
AC   0  F    TS     0 PTAMS 0x0000000567600000 NTAMS 0x0000000567600000 space 2048K,   0% used [0x0000000567600000, 0x0000000567800000)
AC   0  F    TS     0 PTAMS 0x0000000567800000 NTAMS 0x0000000567800000 space 2048K,   0% used [0x0000000567800000, 0x0000000567a00000)
AC   0  F    TS     0 PTAMS 0x0000000567a00000 NTAMS 0x0000000567a00000 space 2048K,   0% used [0x0000000567a00000, 0x0000000567c00000)
AC   0  F    TS     0 PTAMS 0x0000000567c00000 NTAMS 0x0000000567c00000 space 2048K,   0% used [0x0000000567c00000, 0x0000000567e00000)
AC   0  F    TS     0 PTAMS 0x0000000567e00000 NTAMS 0x0000000567e00000 space 2048K,   0% used [0x0000000567e00000, 0x0000000568000000)
AC   0  F    TS     0 PTAMS 0x0000000568000000 NTAMS 0x0000000568000000 space 2048K,   0% used [0x0000000568000000, 0x0000000568200000)
AC   0  F    TS     0 PTAMS 0x0000000568200000 NTAMS 0x0000000568200000 space 2048K,   0% used [0x0000000568200000, 0x0000000568400000)
AC   0  F    TS     0 PTAMS 0x0000000568400000 NTAMS 0x0000000568400000 space 2048K,   0% used [0x0000000568400000, 0x0000000568600000)
AC   0  F    TS     0 PTAMS 0x0000000568600000 NTAMS 0x0000000568600000 space 2048K,   0% used [0x0000000568600000, 0x0000000568800000)
AC   0  F    TS     0 PTAMS 0x0000000568800000 NTAMS 0x0000000568800000 space 2048K,   0% used [0x0000000568800000, 0x0000000568a00000)
AC   0  F    TS     0 PTAMS 0x0000000568a00000 NTAMS 0x0000000568a00000 space 2048K,   0% used [0x0000000568a00000, 0x0000000568c00000)
AC   0  F    TS     0 PTAMS 0x0000000568c00000 NTAMS 0x0000000568c00000 space 2048K,   0% used [0x0000000568c00000, 0x0000000568e00000)
AC   0  F    TS     0 PTAMS 0x0000000568e00000 NTAMS 0x0000000568e00000 space 2048K,   0% used [0x0000000568e00000, 0x0000000569000000)
AC   0  F    TS     0 PTAMS 0x0000000569000000 NTAMS 0x0000000569000000 space 2048K,   0% used [0x0000000569000000, 0x0000000569200000)
AC   0  F    TS     0 PTAMS 0x0000000569200000 NTAMS 0x0000000569200000 space 2048K,   0% used [0x0000000569200000, 0x0000000569400000)
AC   0  F    TS     0 PTAMS 0x0000000569400000 NTAMS 0x0000000569400000 space 2048K,   0% used [0x0000000569400000, 0x0000000569600000)
AC   0  F    TS     0 PTAMS 0x0000000569600000 NTAMS 0x0000000569600000 space 2048K,   0% used [0x0000000569600000, 0x0000000569800000)
AC   0  F    TS     0 PTAMS 0x0000000569800000 NTAMS 0x0000000569800000 space 2048K,   0% used [0x0000000569800000, 0x0000000569a00000)
AC   0  F    TS     0 PTAMS 0x0000000569a00000 NTAMS 0x0000000569a00000 space 2048K,   0% used [0x0000000569a00000, 0x0000000569c00000)
AC   0  F    TS     0 PTAMS 0x0000000569c00000 NTAMS 0x0000000569c00000 space 2048K,   0% used [0x0000000569c00000, 0x0000000569e00000)
AC   0  F    TS     0 PTAMS 0x0000000569e00000 NTAMS 0x0000000569e00000 space 2048K,   0% used [0x0000000569e00000, 0x000000056a000000)
AC   0  F    TS     0 PTAMS 0x000000056a000000 NTAMS 0x000000056a000000 space 2048K,   0% used [0x000000056a000000, 0x000000056a200000)
AC   0  F    TS     0 PTAMS 0x000000056a200000 NTAMS 0x000000056a200000 space 2048K,   0% used [0x000000056a200000, 0x000000056a400000)
AC   0  F    TS     0 PTAMS 0x000000056a400000 NTAMS 0x000000056a400000 space 2048K,   0% used [0x000000056a400000, 0x000000056a600000)
AC   0  F    TS     0 PTAMS 0x000000056a600000 NTAMS 0x000000056a600000 space 2048K,   0% used [0x000000056a600000, 0x000000056a800000)
AC   0  F    TS     0 PTAMS 0x000000056a800000 NTAMS 0x000000056a800000 space 2048K,   0% used [0x000000056a800000, 0x000000056aa00000)
AC   0  F    TS     0 PTAMS 0x000000056aa00000 NTAMS 0x000000056aa00000 space 2048K,   0% used [0x000000056aa00000, 0x000000056ac00000)
AC   0  F    TS     0 PTAMS 0x000000056ac00000 NTAMS 0x000000056ac00000 space 2048K,   0% used [0x000000056ac00000, 0x000000056ae00000)
AC   0  F    TS     0 PTAMS 0x000000056ae00000 NTAMS 0x000000056ae00000 space 2048K,   0% used [0x000000056ae00000, 0x000000056b000000)
AC   0  F    TS     0 PTAMS 0x000000056b000000 NTAMS 0x000000056b000000 space 2048K,   0% used [0x000000056b000000, 0x000000056b200000)
AC   0  F    TS     0 PTAMS 0x000000056b200000 NTAMS 0x000000056b200000 space 2048K,   0% used [0x000000056b200000, 0x000000056b400000)
AC   0  F    TS     0 PTAMS 0x000000056b400000 NTAMS 0x000000056b400000 space 2048K,   0% used [0x000000056b400000, 0x000000056b600000)
AC   0  F    TS     0 PTAMS 0x000000056b600000 NTAMS 0x000000056b600000 space 2048K,   0% used [0x000000056b600000, 0x000000056b800000)
AC   0  F    TS     0 PTAMS 0x000000056b800000 NTAMS 0x000000056b800000 space 2048K,   0% used [0x000000056b800000, 0x000000056ba00000)
AC   0  F    TS     0 PTAMS 0x000000056ba00000 NTAMS 0x000000056ba00000 space 2048K,   0% used [0x000000056ba00000, 0x000000056bc00000)
AC   0  F    TS     0 PTAMS 0x000000056bc00000 NTAMS 0x000000056bc00000 space 2048K,   0% used [0x000000056bc00000, 0x000000056be00000)
AC   0  F    TS     0 PTAMS 0x000000056be00000 NTAMS 0x000000056be00000 space 2048K,   0% used [0x000000056be00000, 0x000000056c000000)
AC   0  F    TS     0 PTAMS 0x000000056c000000 NTAMS 0x000000056c000000 space 2048K,   0% used [0x000000056c000000, 0x000000056c200000)
AC   0  F    TS     0 PTAMS 0x000000056c200000 NTAMS 0x000000056c200000 space 2048K,   0% used [0x000000056c200000, 0x000000056c400000)
AC   0  F    TS     0 PTAMS 0x000000056c400000 NTAMS 0x000000056c400000 space 2048K,   0% used [0x000000056c400000, 0x000000056c600000)
AC   0  F    TS     0 PTAMS 0x000000056c600000 NTAMS 0x000000056c600000 space 2048K,   0% used [0x000000056c600000, 0x000000056c800000)
AC   0  F    TS     0 PTAMS 0x000000056c800000 NTAMS 0x000000056c800000 space 2048K,   0% used [0x000000056c800000, 0x000000056ca00000)
AC   0  F    TS     0 PTAMS 0x000000056ca00000 NTAMS 0x000000056ca00000 space 2048K,   0% used [0x000000056ca00000, 0x000000056cc00000)
AC   0  F    TS     0 PTAMS 0x000000056cc00000 NTAMS 0x000000056cc00000 space 2048K,   0% used [0x000000056cc00000, 0x000000056ce00000)
AC   0  F    TS     0 PTAMS 0x000000056ce00000 NTAMS 0x000000056ce00000 space 2048K,   0% used [0x000000056ce00000, 0x000000056d000000)
AC   0  F    TS     0 PTAMS 0x000000056d000000 NTAMS 0x000000056d000000 space 2048K,   0% used [0x000000056d000000, 0x000000056d200000)
AC   0  F    TS     0 PTAMS 0x000000056d200000 NTAMS 0x000000056d200000 space 2048K,   0% used [0x000000056d200000, 0x000000056d400000)
AC   0  F    TS     0 PTAMS 0x000000056d400000 NTAMS 0x000000056d400000 space 2048K,   0% used [0x000000056d400000, 0x000000056d600000)
AC   0  F    TS     0 PTAMS 0x000000056d600000 NTAMS 0x000000056d600000 space 2048K,   0% used [0x000000056d600000, 0x000000056d800000)
AC   0  F    TS     0 PTAMS 0x000000056d800000 NTAMS 0x000000056d800000 space 2048K,   0% used [0x000000056d800000, 0x000000056da00000)
AC   0  F    TS     0 PTAMS 0x000000056da00000 NTAMS 0x000000056da00000 space 2048K,   0% used [0x000000056da00000, 0x000000056dc00000)
AC   0  F    TS     0 PTAMS 0x000000056dc00000 NTAMS 0x000000056dc00000 space 2048K,   0% used [0x000000056dc00000, 0x000000056de00000)
AC   0  F    TS     0 PTAMS 0x000000056de00000 NTAMS 0x000000056de00000 space 2048K,   0% used [0x000000056de00000, 0x000000056e000000)
AC   0  F    TS     0 PTAMS 0x000000056e000000 NTAMS 0x000000056e000000 space 2048K,   0% used [0x000000056e000000, 0x000000056e200000)
AC   0  F    TS     0 PTAMS 0x000000056e200000 NTAMS 0x000000056e200000 space 2048K,   0% used [0x000000056e200000, 0x000000056e400000)
AC   0  F    TS     0 PTAMS 0x000000056e400000 NTAMS 0x000000056e400000 space 2048K,   0% used [0x000000056e400000, 0x000000056e600000)
AC   0  F    TS     0 PTAMS 0x000000056e600000 NTAMS 0x000000056e600000 space 2048K,   0% used [0x000000056e600000, 0x000000056e800000)
AC   0  F    TS     0 PTAMS 0x000000056e800000 NTAMS 0x000000056e800000 space 2048K,   0% used [0x000000056e800000, 0x000000056ea00000)
AC   0  F    TS     0 PTAMS 0x000000056ea00000 NTAMS 0x000000056ea00000 space 2048K,   0% used [0x000000056ea00000, 0x000000056ec00000)
AC   0  F    TS     0 PTAMS 0x000000056ec00000 NTAMS 0x000000056ec00000 space 2048K,   0% used [0x000000056ec00000, 0x000000056ee00000)
AC   0  F    TS     0 PTAMS 0x000000056ee00000 NTAMS 0x000000056ee00000 space 2048K,   0% used [0x000000056ee00000, 0x000000056f000000)
AC   0  F    TS     0 PTAMS 0x000000056f000000 NTAMS 0x000000056f000000 space 2048K,   0% used [0x000000056f000000, 0x000000056f200000)
AC   0  F    TS     0 PTAMS 0x000000056f200000 NTAMS 0x000000056f200000 space 2048K,   0% used [0x000000056f200000, 0x000000056f400000)
AC   0  F    TS     0 PTAMS 0x000000056f400000 NTAMS 0x000000056f400000 space 2048K,   0% used [0x000000056f400000, 0x000000056f600000)
AC   0  F    TS     0 PTAMS 0x000000056f600000 NTAMS 0x000000056f600000 space 2048K,   0% used [0x000000056f600000, 0x000000056f800000)
AC   0  F    TS     0 PTAMS 0x000000056f800000 NTAMS 0x000000056f800000 space 2048K,   0% used [0x000000056f800000, 0x000000056fa00000)
AC   0  F    TS     0 PTAMS 0x000000056fa00000 NTAMS 0x000000056fa00000 space 2048K,   0% used [0x000000056fa00000, 0x000000056fc00000)
AC   0  F    TS     0 PTAMS 0x000000056fc00000 NTAMS 0x000000056fc00000 space 2048K,   0% used [0x000000056fc00000, 0x000000056fe00000)
AC   0  F    TS     0 PTAMS 0x000000056fe00000 NTAMS 0x000000056fe00000 space 2048K,   0% used [0x000000056fe00000, 0x0000000570000000)
AC   0  F    TS     0 PTAMS 0x0000000570000000 NTAMS 0x0000000570000000 space 2048K,   0% used [0x0000000570000000, 0x0000000570200000)
AC   0  F    TS     0 PTAMS 0x0000000570200000 NTAMS 0x0000000570200000 space 2048K,   0% used [0x0000000570200000, 0x0000000570400000)
AC   0  F    TS     0 PTAMS 0x0000000570400000 NTAMS 0x0000000570400000 space 2048K,   0% used [0x0000000570400000, 0x0000000570600000)
AC   0  F    TS     0 PTAMS 0x0000000570600000 NTAMS 0x0000000570600000 space 2048K,   0% used [0x0000000570600000, 0x0000000570800000)
AC   0  F    TS     0 PTAMS 0x0000000570800000 NTAMS 0x0000000570800000 space 2048K,   0% used [0x0000000570800000, 0x0000000570a00000)
AC   0  F    TS     0 PTAMS 0x0000000570a00000 NTAMS 0x0000000570a00000 space 2048K,   0% used [0x0000000570a00000, 0x0000000570c00000)
AC   0  F    TS     0 PTAMS 0x0000000570c00000 NTAMS 0x0000000570c00000 space 2048K,   0% used [0x0000000570c00000, 0x0000000570e00000)
AC   0  F    TS     0 PTAMS 0x0000000570e00000 NTAMS 0x0000000570e00000 space 2048K,   0% used [0x0000000570e00000, 0x0000000571000000)
AC   0  F    TS     0 PTAMS 0x0000000571000000 NTAMS 0x0000000571000000 space 2048K,   0% used [0x0000000571000000, 0x0000000571200000)
AC   0  F    TS     0 PTAMS 0x0000000571200000 NTAMS 0x0000000571200000 space 2048K,   0% used [0x0000000571200000, 0x0000000571400000)
AC   0  F    TS     0 PTAMS 0x0000000571400000 NTAMS 0x0000000571400000 space 2048K,   0% used [0x0000000571400000, 0x0000000571600000)
AC   0  F    TS     0 PTAMS 0x0000000571600000 NTAMS 0x0000000571600000 space 2048K,   0% used [0x0000000571600000, 0x0000000571800000)
AC   0  F    TS     0 PTAMS 0x0000000571800000 NTAMS 0x0000000571800000 space 2048K,   0% used [0x0000000571800000, 0x0000000571a00000)
AC   0  F    TS     0 PTAMS 0x0000000571a00000 NTAMS 0x0000000571a00000 space 2048K,   0% used [0x0000000571a00000, 0x0000000571c00000)
AC   0  F    TS     0 PTAMS 0x0000000571c00000 NTAMS 0x0000000571c00000 space 2048K,   0% used [0x0000000571c00000, 0x0000000571e00000)
AC   0  F    TS     0 PTAMS 0x0000000571e00000 NTAMS 0x0000000571e00000 space 2048K,   0% used [0x0000000571e00000, 0x0000000572000000)
AC   0  F    TS     0 PTAMS 0x0000000572000000 NTAMS 0x0000000572000000 space 2048K,   0% used [0x0000000572000000, 0x0000000572200000)
AC   0  F    TS     0 PTAMS 0x0000000572200000 NTAMS 0x0000000572200000 space 2048K,   0% used [0x0000000572200000, 0x0000000572400000)
AC   0  F    TS     0 PTAMS 0x0000000572400000 NTAMS 0x0000000572400000 space 2048K,   0% used [0x0000000572400000, 0x0000000572600000)
AC   0  F    TS     0 PTAMS 0x0000000572600000 NTAMS 0x0000000572600000 space 2048K,   0% used [0x0000000572600000, 0x0000000572800000)
AC   0  F    TS     0 PTAMS 0x0000000572800000 NTAMS 0x0000000572800000 space 2048K,   0% used [0x0000000572800000, 0x0000000572a00000)
AC   0  F    TS     0 PTAMS 0x0000000572a00000 NTAMS 0x0000000572a00000 space 2048K,   0% used [0x0000000572a00000, 0x0000000572c00000)
AC   0  F    TS     0 PTAMS 0x0000000572c00000 NTAMS 0x0000000572c00000 space 2048K,   0% used [0x0000000572c00000, 0x0000000572e00000)
AC   0  F    TS     0 PTAMS 0x0000000572e00000 NTAMS 0x0000000572e00000 space 2048K,   0% used [0x0000000572e00000, 0x0000000573000000)
AC   0  F    TS     0 PTAMS 0x0000000573000000 NTAMS 0x0000000573000000 space 2048K,   0% used [0x0000000573000000, 0x0000000573200000)
AC   0  F    TS     0 PTAMS 0x0000000573200000 NTAMS 0x0000000573200000 space 2048K,   0% used [0x0000000573200000, 0x0000000573400000)
AC   0  F    TS     0 PTAMS 0x0000000573400000 NTAMS 0x0000000573400000 space 2048K,   0% used [0x0000000573400000, 0x0000000573600000)
AC   0  F    TS     0 PTAMS 0x0000000573600000 NTAMS 0x0000000573600000 space 2048K,   0% used [0x0000000573600000, 0x0000000573800000)
AC   0  F    TS     0 PTAMS 0x0000000573800000 NTAMS 0x0000000573800000 space 2048K,   0% used [0x0000000573800000, 0x0000000573a00000)
AC   0  F    TS     0 PTAMS 0x0000000573a00000 NTAMS 0x0000000573a00000 space 2048K,   0% used [0x0000000573a00000, 0x0000000573c00000)
AC   0  F    TS     0 PTAMS 0x0000000573c00000 NTAMS 0x0000000573c00000 space 2048K,   0% used [0x0000000573c00000, 0x0000000573e00000)
AC   0  F    TS     0 PTAMS 0x0000000573e00000 NTAMS 0x0000000573e00000 space 2048K,   0% used [0x0000000573e00000, 0x0000000574000000)
AC   0  F    TS     0 PTAMS 0x0000000574000000 NTAMS 0x0000000574000000 space 2048K,   0% used [0x0000000574000000, 0x0000000574200000)
AC   0  F    TS     0 PTAMS 0x0000000574200000 NTAMS 0x0000000574200000 space 2048K,   0% used [0x0000000574200000, 0x0000000574400000)
AC   0  F    TS     0 PTAMS 0x0000000574400000 NTAMS 0x0000000574400000 space 2048K,   0% used [0x0000000574400000, 0x0000000574600000)
AC   0  F    TS     0 PTAMS 0x0000000574600000 NTAMS 0x0000000574600000 space 2048K,   0% used [0x0000000574600000, 0x0000000574800000)
AC   0  F    TS     0 PTAMS 0x0000000574800000 NTAMS 0x0000000574800000 space 2048K,   0% used [0x0000000574800000, 0x0000000574a00000)
AC   0  F    TS     0 PTAMS 0x0000000574a00000 NTAMS 0x0000000574a00000 space 2048K,   0% used [0x0000000574a00000, 0x0000000574c00000)
AC   0  F    TS     0 PTAMS 0x0000000574c00000 NTAMS 0x0000000574c00000 space 2048K,   0% used [0x0000000574c00000, 0x0000000574e00000)
AC   0  F    TS     0 PTAMS 0x0000000574e00000 NTAMS 0x0000000574e00000 space 2048K,   0% used [0x0000000574e00000, 0x0000000575000000)
AC   0  F    TS     0 PTAMS 0x0000000575000000 NTAMS 0x0000000575000000 space 2048K,   0% used [0x0000000575000000, 0x0000000575200000)
AC   0  F    TS     0 PTAMS 0x0000000575200000 NTAMS 0x0000000575200000 space 2048K,   0% used [0x0000000575200000, 0x0000000575400000)
AC   0  F    TS     0 PTAMS 0x0000000575400000 NTAMS 0x0000000575400000 space 2048K,   0% used [0x0000000575400000, 0x0000000575600000)
AC   0  F    TS     0 PTAMS 0x0000000575600000 NTAMS 0x0000000575600000 space 2048K,   0% used [0x0000000575600000, 0x0000000575800000)
AC   0  F    TS     0 PTAMS 0x0000000575800000 NTAMS 0x0000000575800000 space 2048K,   0% used [0x0000000575800000, 0x0000000575a00000)
AC   0  F    TS     0 PTAMS 0x0000000575a00000 NTAMS 0x0000000575a00000 space 2048K,   0% used [0x0000000575a00000, 0x0000000575c00000)
AC   0  F    TS     0 PTAMS 0x0000000575c00000 NTAMS 0x0000000575c00000 space 2048K,   0% used [0x0000000575c00000, 0x0000000575e00000)
AC   0  F    TS     0 PTAMS 0x0000000575e00000 NTAMS 0x0000000575e00000 space 2048K,   0% used [0x0000000575e00000, 0x0000000576000000)
AC   0  S CS TS    11 PTAMS 0x0000000576000000 NTAMS 0x0000000576000000 space 2048K, 100% used [0x0000000576000000, 0x0000000576200000)
AC   0  S CS TS    11 PTAMS 0x0000000576200000 NTAMS 0x0000000576200000 space 2048K, 100% used [0x0000000576200000, 0x0000000576400000)
AC   0  S CS TS    11 PTAMS 0x0000000576400000 NTAMS 0x0000000576400000 space 2048K, 100% used [0x0000000576400000, 0x0000000576600000)
AC   0  S CS TS    11 PTAMS 0x0000000576600000 NTAMS 0x0000000576600000 space 2048K, 100% used [0x0000000576600000, 0x0000000576800000)
AC   0  S CS TS    11 PTAMS 0x0000000576800000 NTAMS 0x0000000576800000 space 2048K, 100% used [0x0000000576800000, 0x0000000576a00000)
AC   0  S CS TS    11 PTAMS 0x0000000576a00000 NTAMS 0x0000000576a00000 space 2048K, 100% used [0x0000000576a00000, 0x0000000576c00000)
AC   0  S CS TS    11 PTAMS 0x0000000576c00000 NTAMS 0x0000000576c00000 space 2048K, 100% used [0x0000000576c00000, 0x0000000576e00000)
AC   0  S CS TS    11 PTAMS 0x0000000576e00000 NTAMS 0x0000000576e00000 space 2048K, 100% used [0x0000000576e00000, 0x0000000577000000)
AC   0  S CS TS    11 PTAMS 0x0000000577000000 NTAMS 0x0000000577000000 space 2048K, 100% used [0x0000000577000000, 0x0000000577200000)
AC   0  F    TS     0 PTAMS 0x0000000577200000 NTAMS 0x0000000577200000 space 2048K,   0% used [0x0000000577200000, 0x0000000577400000)
AC   0  F    TS     0 PTAMS 0x0000000577400000 NTAMS 0x0000000577400000 space 2048K,   0% used [0x0000000577400000, 0x0000000577600000)
AC   0  F    TS     0 PTAMS 0x0000000577600000 NTAMS 0x0000000577600000 space 2048K,   0% used [0x0000000577600000, 0x0000000577800000)
AC   0  F    TS     0 PTAMS 0x0000000577800000 NTAMS 0x0000000577800000 space 2048K,   0% used [0x0000000577800000, 0x0000000577a00000)
AC   0  F    TS     0 PTAMS 0x0000000577a00000 NTAMS 0x0000000577a00000 space 2048K,   0% used [0x0000000577a00000, 0x0000000577c00000)
AC   0  F    TS     0 PTAMS 0x0000000577c00000 NTAMS 0x0000000577c00000 space 2048K,   0% used [0x0000000577c00000, 0x0000000577e00000)
AC   0  F    TS     0 PTAMS 0x0000000577e00000 NTAMS 0x0000000577e00000 space 2048K,   0% used [0x0000000577e00000, 0x0000000578000000)
AC   0  F    TS     0 PTAMS 0x0000000578000000 NTAMS 0x0000000578000000 space 2048K,   0% used [0x0000000578000000, 0x0000000578200000)
AC   0  F    TS     9 PTAMS 0x0000000578200000 NTAMS 0x0000000578200000 space 2048K,   0% used [0x0000000578200000, 0x0000000578400000)
AC   0  F    TS     9 PTAMS 0x0000000578400000 NTAMS 0x0000000578400000 space 2048K,   0% used [0x0000000578400000, 0x0000000578600000)
AC   0  F    TS     9 PTAMS 0x0000000578600000 NTAMS 0x0000000578600000 space 2048K,   0% used [0x0000000578600000, 0x0000000578800000)
AC   0  F    TS     9 PTAMS 0x0000000578800000 NTAMS 0x0000000578800000 space 2048K,   0% used [0x0000000578800000, 0x0000000578a00000)
AC   0  F    TS     9 PTAMS 0x0000000578a00000 NTAMS 0x0000000578a00000 space 2048K,   0% used [0x0000000578a00000, 0x0000000578c00000)
AC   0  F    TS     9 PTAMS 0x0000000578c00000 NTAMS 0x0000000578c00000 space 2048K,   0% used [0x0000000578c00000, 0x0000000578e00000)
AC   0  F    TS     9 PTAMS 0x0000000578e00000 NTAMS 0x0000000578e00000 space 2048K,   0% used [0x0000000578e00000, 0x0000000579000000)
AC   0  F    TS     0 PTAMS 0x0000000579000000 NTAMS 0x0000000579000000 space 2048K,   0% used [0x0000000579000000, 0x0000000579200000)
AC   0  F    TS     0 PTAMS 0x0000000579200000 NTAMS 0x0000000579200000 space 2048K,   0% used [0x0000000579200000, 0x0000000579400000)
AC   0  F    TS     0 PTAMS 0x0000000579400000 NTAMS 0x0000000579400000 space 2048K,   0% used [0x0000000579400000, 0x0000000579600000)
AC   0  F    TS     0 PTAMS 0x0000000579600000 NTAMS 0x0000000579600000 space 2048K,   0% used [0x0000000579600000, 0x0000000579800000)
AC   0  F    TS     0 PTAMS 0x0000000579800000 NTAMS 0x0000000579800000 space 2048K,   0% used [0x0000000579800000, 0x0000000579a00000)
AC   0  F    TS     7 PTAMS 0x0000000579a00000 NTAMS 0x0000000579a00000 space 2048K,   0% used [0x0000000579a00000, 0x0000000579c00000)
AC   0  F    TS     7 PTAMS 0x0000000579c00000 NTAMS 0x0000000579c00000 space 2048K,   0% used [0x0000000579c00000, 0x0000000579e00000)
AC   0  F    TS     7 PTAMS 0x0000000579e00000 NTAMS 0x0000000579e00000 space 2048K,   0% used [0x0000000579e00000, 0x000000057a000000)
AC   0  F    TS     7 PTAMS 0x000000057a000000 NTAMS 0x000000057a000000 space 2048K,   0% used [0x000000057a000000, 0x000000057a200000)
AC   0  F    TS     7 PTAMS 0x000000057a200000 NTAMS 0x000000057a200000 space 2048K,   0% used [0x000000057a200000, 0x000000057a400000)
AC   0  F    TS     7 PTAMS 0x000000057a400000 NTAMS 0x000000057a400000 space 2048K,   0% used [0x000000057a400000, 0x000000057a600000)
AC   0  F    TS     0 PTAMS 0x000000057a600000 NTAMS 0x000000057a600000 space 2048K,   0% used [0x000000057a600000, 0x000000057a800000)
AC   0  F    TS     5 PTAMS 0x000000057a800000 NTAMS 0x000000057a800000 space 2048K,   0% used [0x000000057a800000, 0x000000057aa00000)
AC   0  F    TS     5 PTAMS 0x000000057aa00000 NTAMS 0x000000057aa00000 space 2048K,   0% used [0x000000057aa00000, 0x000000057ac00000)
AC   0  F    TS     5 PTAMS 0x000000057ac00000 NTAMS 0x000000057ac00000 space 2048K,   0% used [0x000000057ac00000, 0x000000057ae00000)
AC   0  F    TS     5 PTAMS 0x000000057ae00000 NTAMS 0x000000057ae00000 space 2048K,   0% used [0x000000057ae00000, 0x000000057b000000)
AC   0  F    TS     5 PTAMS 0x000000057b000000 NTAMS 0x000000057b000000 space 2048K,   0% used [0x000000057b000000, 0x000000057b200000)
AC   0  F    TS     0 PTAMS 0x000000057b200000 NTAMS 0x000000057b200000 space 2048K,   0% used [0x000000057b200000, 0x000000057b400000)
AC   0  F    TS     0 PTAMS 0x000000057b400000 NTAMS 0x000000057b400000 space 2048K,   0% used [0x000000057b400000, 0x000000057b600000)
AC   0  F    TS     0 PTAMS 0x000000057b600000 NTAMS 0x000000057b600000 space 2048K,   0% used [0x000000057b600000, 0x000000057b800000)
AC   0  F    TS     0 PTAMS 0x000000057b800000 NTAMS 0x000000057b800000 space 2048K,   0% used [0x000000057b800000, 0x000000057ba00000)
AC   0  F    TS     0 PTAMS 0x000000057ba00000 NTAMS 0x000000057ba00000 space 2048K,   0% used [0x000000057ba00000, 0x000000057bc00000)
AC   0  F    TS     0 PTAMS 0x000000057bc00000 NTAMS 0x000000057bc00000 space 2048K,   0% used [0x000000057bc00000, 0x000000057be00000)
AC   0  F    TS     0 PTAMS 0x000000057be00000 NTAMS 0x000000057be00000 space 2048K,   0% used [0x000000057be00000, 0x000000057c000000)
AC   0  F    TS     0 PTAMS 0x000000057c000000 NTAMS 0x000000057c000000 space 2048K,   0% used [0x000000057c000000, 0x000000057c200000)
AC   0  F    TS     1 PTAMS 0x000000057c200000 NTAMS 0x000000057c200000 space 2048K,   0% used [0x000000057c200000, 0x000000057c400000)
AC   0  F    TS     1 PTAMS 0x000000057c400000 NTAMS 0x000000057c400000 space 2048K,   0% used [0x000000057c400000, 0x000000057c600000)
AC   0  F    TS     1 PTAMS 0x000000057c600000 NTAMS 0x000000057c600000 space 2048K,   0% used [0x000000057c600000, 0x000000057c800000)
AC   0  F    TS     1 PTAMS 0x000000057c800000 NTAMS 0x000000057c800000 space 2048K,   0% used [0x000000057c800000, 0x000000057ca00000)
AC   0  F    TS     3 PTAMS 0x000000057ca00000 NTAMS 0x000000057ca00000 space 2048K,   0% used [0x000000057ca00000, 0x000000057cc00000)
AC   0  F    TS     3 PTAMS 0x000000057cc00000 NTAMS 0x000000057cc00000 space 2048K,   0% used [0x000000057cc00000, 0x000000057ce00000)
AC   0  F    TS     3 PTAMS 0x000000057ce00000 NTAMS 0x000000057ce00000 space 2048K,   0% used [0x000000057ce00000, 0x000000057d000000)
AC   0  F    TS     3 PTAMS 0x000000057d000000 NTAMS 0x000000057d000000 space 2048K,   0% used [0x000000057d000000, 0x000000057d200000)
AC   0  F    TS     0 PTAMS 0x000000057d200000 NTAMS 0x000000057d200000 space 2048K,   0% used [0x000000057d200000, 0x000000057d400000)
AC   0  F    TS     0 PTAMS 0x000000057d400000 NTAMS 0x000000057d400000 space 2048K,   0% used [0x000000057d400000, 0x000000057d600000)
AC   0  F    TS     0 PTAMS 0x000000057d600000 NTAMS 0x000000057d600000 space 2048K,   0% used [0x000000057d600000, 0x000000057d800000)
AC   0  F    TS     0 PTAMS 0x000000057d800000 NTAMS 0x000000057d800000 space 2048K,   0% used [0x000000057d800000, 0x000000057da00000)
AC   0  F    TS     0 PTAMS 0x000000057da00000 NTAMS 0x000000057da00000 space 2048K,   0% used [0x000000057da00000, 0x000000057dc00000)
AC   0  F    TS     0 PTAMS 0x000000057dc00000 NTAMS 0x000000057dc00000 space 2048K,   0% used [0x000000057dc00000, 0x000000057de00000)
AC   0  F    TS     0 PTAMS 0x000000057de00000 NTAMS 0x000000057de00000 space 2048K,   0% used [0x000000057de00000, 0x000000057e000000)
AC   0  F    TS     0 PTAMS 0x000000057e000000 NTAMS 0x000000057e000000 space 2048K,   0% used [0x000000057e000000, 0x000000057e200000)
AC   0  F    TS     0 PTAMS 0x000000057e200000 NTAMS 0x000000057e200000 space 2048K,   0% used [0x000000057e200000, 0x000000057e400000)
AC   0  F    TS     0 PTAMS 0x000000057e400000 NTAMS 0x000000057e400000 space 2048K,   0% used [0x000000057e400000, 0x000000057e600000)
AC   0  F    TS     0 PTAMS 0x000000057e600000 NTAMS 0x000000057e600000 space 2048K,   0% used [0x000000057e600000, 0x000000057e800000)
AC   0  F    TS     0 PTAMS 0x000000057e800000 NTAMS 0x000000057e800000 space 2048K,   0% used [0x000000057e800000, 0x000000057ea00000)
AC   0  F    TS     0 PTAMS 0x000000057ea00000 NTAMS 0x000000057ea00000 space 2048K,   0% used [0x000000057ea00000, 0x000000057ec00000)
AC   0  E    TS     0 PTAMS 0x000000057ec00000 NTAMS 0x000000057ec00000 space 2048K, 100% used [0x000000057ec00000, 0x000000057ee00000)
AC   0  E CS TS     0 PTAMS 0x000000057ee00000 NTAMS 0x000000057ee00000 space 2048K, 100% used [0x000000057ee00000, 0x000000057f000000)
AC   0  E CS TS     0 PTAMS 0x000000057f000000 NTAMS 0x000000057f000000 space 2048K, 100% used [0x000000057f000000, 0x000000057f200000)
AC   0  E CS TS     0 PTAMS 0x000000057f200000 NTAMS 0x000000057f200000 space 2048K, 100% used [0x000000057f200000, 0x000000057f400000)
AC   0  E CS TS     0 PTAMS 0x000000057f400000 NTAMS 0x000000057f400000 space 2048K, 100% used [0x000000057f400000, 0x000000057f600000)
AC   0  E CS TS     0 PTAMS 0x000000057f600000 NTAMS 0x000000057f600000 space 2048K, 100% used [0x000000057f600000, 0x000000057f800000)
AC   0  E CS TS     0 PTAMS 0x000000057f800000 NTAMS 0x000000057f800000 space 2048K, 100% used [0x000000057f800000, 0x000000057fa00000)
AC   0  E CS TS     0 PTAMS 0x000000057fa00000 NTAMS 0x000000057fa00000 space 2048K, 100% used [0x000000057fa00000, 0x000000057fc00000)

Card table byte_map: [0x00000264169e0000,0x0000026417de0000] byte_map_base: 0x0000026413fe0000

Marking Bits (Prev, Next): (CMBitMap*) 0x00000264140fcb98, (CMBitMap*) 0x00000264140fcbf0
 Prev Bits: [0x00000264191e0000, 0x00000264231e0000)
 Next Bits: [0x00000264231e0000, 0x000002642d1e0000)

Polling page: 0x00000264024d0000

CodeCache: size=245760Kb used=7746Kb max_used=7763Kb free=238013Kb
 bounds [0x0000026403d30000, 0x00000264044e0000, 0x0000026412d30000]
 total_blobs=1746 nmethods=1433 adapters=222
 compilation: enabled

Compilation events (10 events):
Event: 1.269 Thread 0x00000264340bb000 nmethod 1436 0x000002640446f250 code [0x000002640446f3c0, 0x000002640446f5d0]
Event: 1.269 Thread 0x0000026433d03800 1433       3       java.util.ArrayDeque::poll (5 bytes)
Event: 1.269 Thread 0x00000264340bb000 1434       3       java.util.ArrayDeque::pollFirst (42 bytes)
Event: 1.269 Thread 0x0000026433d03800 nmethod 1433 0x000002640446ee90 code [0x000002640446f000, 0x000002640446f1b0]
Event: 1.269 Thread 0x0000026433d03800 1438       3       java.util.zip.ZipFile::finalize (5 bytes)
Event: 1.269 Thread 0x00000264340bb000 nmethod 1434 0x0000026404498710 code [0x0000026404498880, 0x0000026404498bf8]
Event: 1.269 Thread 0x0000026433d03800 nmethod 1438 0x0000026404498310 code [0x0000026404498480, 0x0000026404498690]
Event: 1.269 Thread 0x00000264340c1800 nmethod 1437 0x0000026404497450 code [0x0000026404497620, 0x0000026404497f00]
Event: 1.270 Thread 0x0000026433d07800 nmethod 1430 0x00000264044bdad0 code [0x00000264044bdf60, 0x00000264044c10d0]
Event: 1.272 Thread 0x0000026433ad2000 1439  s!   4       microbat.instrumentation.runtime.ExecutionTracer::_getTracer (137 bytes)

GC Heap History (10 events):
Event: 0.655 GC heap before
{Heap before GC invocations=1 (full 0):
 garbage-first heap   total 1044480K, used 50911K [0x0000000540000000, 0x0000000540200ff0, 0x00000007c0000000)
  region size 2048K, 25 young (51200K), 4 survivors (8192K)
 Metaspace       used 10523K, capacity 10640K, committed 10880K, reserved 1058816K
  class space    used 1048K, capacity 1072K, committed 1152K, reserved 1048576K
Event: 0.662 GC heap after
Heap after GC invocations=2 (full 0):
 garbage-first heap   total 1044480K, used 18758K [0x0000000540000000, 0x0000000540200ff0, 0x00000007c0000000)
  region size 2048K, 4 young (8192K), 4 survivors (8192K)
 Metaspace       used 10523K, capacity 10640K, committed 10880K, reserved 1058816K
  class space    used 1048K, capacity 1072K, committed 1152K, reserved 1048576K
}
Event: 0.756 GC heap before
{Heap before GC invocations=2 (full 0):
 garbage-first heap   total 1044480K, used 86342K [0x0000000540000000, 0x0000000540200ff0, 0x00000007c0000000)
  region size 2048K, 37 young (75776K), 4 survivors (8192K)
 Metaspace       used 10589K, capacity 10704K, committed 10880K, reserved 1058816K
  class space    used 1048K, capacity 1072K, committed 1152K, reserved 1048576K
Event: 0.763 GC heap after
Heap after GC invocations=3 (full 0):
 garbage-first heap   total 1044480K, used 35318K [0x0000000540000000, 0x0000000540200ff0, 0x00000007c0000000)
  region size 2048K, 5 young (10240K), 5 survivors (10240K)
 Metaspace       used 10589K, capacity 10704K, committed 10880K, reserved 1058816K
  class space    used 1048K, capacity 1072K, committed 1152K, reserved 1048576K
}
Event: 0.868 GC heap before
{Heap before GC invocations=3 (full 0):
 garbage-first heap   total 1044480K, used 113142K [0x0000000540000000, 0x0000000540200ff0, 0x00000007c0000000)
  region size 2048K, 43 young (88064K), 5 survivors (10240K)
 Metaspace       used 10614K, capacity 10704K, committed 10880K, reserved 1058816K
  class space    used 1048K, capacity 1072K, committed 1152K, reserved 1048576K
Event: 0.877 GC heap after
Heap after GC invocations=4 (full 0):
 garbage-first heap   total 1044480K, used 64230K [0x0000000540000000, 0x0000000540200ff0, 0x00000007c0000000)
  region size 2048K, 6 young (12288K), 6 survivors (12288K)
 Metaspace       used 10614K, capacity 10704K, committed 10880K, reserved 1058816K
  class space    used 1048K, capacity 1072K, committed 1152K, reserved 1048576K
}
Event: 1.043 GC heap before
{Heap before GC invocations=4 (full 0):
 garbage-first heap   total 1044480K, used 162534K [0x0000000540000000, 0x0000000540200ff0, 0x00000007c0000000)
  region size 2048K, 54 young (110592K), 6 survivors (12288K)
 Metaspace       used 10614K, capacity 10704K, committed 10880K, reserved 1058816K
  class space    used 1048K, capacity 1072K, committed 1152K, reserved 1048576K
Event: 1.053 GC heap after
Heap after GC invocations=5 (full 0):
 garbage-first heap   total 1044480K, used 92090K [0x0000000540000000, 0x0000000540200ff0, 0x00000007c0000000)
  region size 2048K, 7 young (14336K), 7 survivors (14336K)
 Metaspace       used 10614K, capacity 10704K, committed 10880K, reserved 1058816K
  class space    used 1048K, capacity 1072K, committed 1152K, reserved 1048576K
}
Event: 1.260 GC heap before
{Heap before GC invocations=5 (full 0):
 garbage-first heap   total 1044480K, used 219066K [0x0000000540000000, 0x0000000540200ff0, 0x00000007c0000000)
  region size 2048K, 69 young (141312K), 7 survivors (14336K)
 Metaspace       used 10675K, capacity 10768K, committed 10880K, reserved 1058816K
  class space    used 1053K, capacity 1072K, committed 1152K, reserved 1048576K
Event: 1.268 GC heap after
Heap after GC invocations=6 (full 0):
 garbage-first heap   total 1044480K, used 125952K [0x0000000540000000, 0x0000000540200ff0, 0x00000007c0000000)
  region size 2048K, 9 young (18432K), 9 survivors (18432K)
 Metaspace       used 10675K, capacity 10768K, committed 10880K, reserved 1058816K
  class space    used 1053K, capacity 1072K, committed 1152K, reserved 1048576K
}

Deoptimization events (10 events):
Event: 1.159 Thread 0x000002640219f800 Uncommon trap: reason=unstable_if action=reinterpret pc=0x00000264043a0aac method=microbat.instrumentation.runtime.ExecutionTracer.findInvokingMatchNode(Lmicrobat/model/trace/TraceNode;Ljava/lang/String;)Lmicrobat/model/trace/TraceNode; @ 12
Event: 1.162 Thread 0x000002640219f800 Uncommon trap: reason=class_check action=maybe_recompile pc=0x00000264043076f8 method=java.util.TimSort.countRunAndMakeAscending([Ljava/lang/Object;IILjava/util/Comparator;)I @ 43
Event: 1.162 Thread 0x000002640219f800 Uncommon trap: reason=class_check action=maybe_recompile pc=0x00000264043076f8 method=java.util.TimSort.countRunAndMakeAscending([Ljava/lang/Object;IILjava/util/Comparator;)I @ 43
Event: 1.162 Thread 0x000002640219f800 Uncommon trap: reason=class_check action=maybe_recompile pc=0x00000264043076f8 method=java.util.TimSort.countRunAndMakeAscending([Ljava/lang/Object;IILjava/util/Comparator;)I @ 43
Event: 1.163 Thread 0x000002640219f800 Uncommon trap: reason=class_check action=maybe_recompile pc=0x00000264043076f8 method=java.util.TimSort.countRunAndMakeAscending([Ljava/lang/Object;IILjava/util/Comparator;)I @ 43
Event: 1.165 Thread 0x000002640219f800 Uncommon trap: reason=unstable_if action=reinterpret pc=0x00000264042ca0d0 method=microbat.instrumentation.runtime.ExecutionTracer.findInvokingMatchNode(Lmicrobat/model/trace/TraceNode;Ljava/lang/String;)Lmicrobat/model/trace/TraceNode; @ 12
Event: 1.172 Thread 0x000002640219f800 Uncommon trap: reason=unstable_if action=reinterpret pc=0x000002640427f3bc method=java.lang.Integer.toString(I)Ljava/lang/String; @ 10
Event: 1.175 Thread 0x000002640219f800 Uncommon trap: reason=class_check action=maybe_recompile pc=0x000002640427becc method=java.util.HashMap.putVal(ILjava/lang/Object;Ljava/lang/Object;ZZ)Ljava/lang/Object; @ 203
Event: 1.179 Thread 0x000002640219f800 Uncommon trap: reason=class_check action=maybe_recompile pc=0x000002640427becc method=java.util.HashMap.putVal(ILjava/lang/Object;Ljava/lang/Object;ZZ)Ljava/lang/Object; @ 203
Event: 1.218 Thread 0x000002640219f800 Uncommon trap: reason=unstable_if action=reinterpret pc=0x000002640449c970 method=microbat.instrumentation.runtime.TraceUtils.getObjectVarId(Ljava/lang/Object;Ljava/lang/String;)Ljava/lang/String; @ 1

Classes redefined (10 events):
Event: 0.249 Thread 0x0000026433063800 redefined class name=java.lang.Cloneable, count=1
Event: 0.249 Thread 0x0000026433063800 redefined class name=java.lang.Class, count=1
Event: 0.249 Thread 0x0000026433063800 redefined class name=java.lang.reflect.Type, count=1
Event: 0.250 Thread 0x0000026433063800 redefined class name=java.lang.reflect.GenericDeclaration, count=1
Event: 0.250 Thread 0x0000026433063800 redefined class name=java.lang.reflect.AnnotatedElement, count=1
Event: 0.250 Thread 0x0000026433063800 redefined class name=java.lang.String, count=1
Event: 0.250 Thread 0x0000026433063800 redefined class name=java.lang.CharSequence, count=1
Event: 0.250 Thread 0x0000026433063800 redefined class name=java.lang.Comparable, count=1
Event: 0.251 Thread 0x0000026433063800 redefined class name=java.io.Serializable, count=1
Event: 0.251 Thread 0x0000026433063800 redefined class name=java.lang.Object, count=1

Internal exceptions (10 events):
Event: 1.149 Thread 0x000002640219f800 Implicit null exception at 0x00000264043f94c4 to 0x00000264043fbdac
Event: 1.149 Thread 0x000002640219f800 Exception <a 'java/lang/NullPointerException'> (0x000000057c386720) thrown at [C:\jenkins\workspace\8-2-build-windows-x64-cygwin\jdk8u341\2692\hotspot\src\share\vm\runtime\sharedRuntime.cpp, line 609]
Event: 1.151 Thread 0x000002640219f800 Implicit null exception at 0x00000264043f94c4 to 0x00000264043fbdac
Event: 1.151 Thread 0x000002640219f800 Exception <a 'java/lang/NullPointerException'> (0x000000057c17ce00) thrown at [C:\jenkins\workspace\8-2-build-windows-x64-cygwin\jdk8u341\2692\hotspot\src\share\vm\runtime\sharedRuntime.cpp, line 609]
Event: 1.155 Thread 0x000002640219f800 Exception <a 'java/lang/NullPointerException'> (0x000000057bf37538) thrown at [C:\jenkins\workspace\8-2-build-windows-x64-cygwin\jdk8u341\2692\hotspot\src\share\vm\interpreter\linkResolver.cpp, line 1185]
Event: 1.155 Thread 0x000002640219f800 Implicit null exception at 0x0000026404407676 to 0x000002640440b089
Event: 1.157 Thread 0x000002640219f800 Exception <a 'java/lang/NullPointerException'> (0x000000057bc14cd8) thrown at [C:\jenkins\workspace\8-2-build-windows-x64-cygwin\jdk8u341\2692\hotspot\src\share\vm\interpreter\linkResolver.cpp, line 1185]
Event: 1.157 Thread 0x000002640219f800 Exception <a 'java/lang/NullPointerException'> (0x000000057bc7da30) thrown at [C:\jenkins\workspace\8-2-build-windows-x64-cygwin\jdk8u341\2692\hotspot\src\share\vm\interpreter\linkResolver.cpp, line 1185]
Event: 1.159 Thread 0x000002640219f800 Implicit null exception at 0x000002640439fe9f to 0x00000264043a0a89
Event: 1.165 Thread 0x000002640219f800 Implicit null exception at 0x00000264042c9b58 to 0x00000264042ca0b1

Events (10 events):
Event: 1.196 Thread 0x000002640219f800 DEOPT UNPACKING pc=0x0000026403d77918 sp=0x000000b7f0ffd7c0 mode 0
Event: 1.206 loading class java/util/ComparableTimSort
Event: 1.206 loading class java/util/ComparableTimSort done
Event: 1.217 Thread 0x000002640219f800 Uncommon trap: trap_request=0xffffff65 fr.pc=0x000002640449c970
Event: 1.218 Thread 0x000002640219f800 DEOPT PACKING pc=0x000002640449c970 sp=0x000000b7f0ffdad0
Event: 1.218 Thread 0x000002640219f800 DEOPT UNPACKING pc=0x0000026403d758c3 sp=0x000000b7f0ffd9c0 mode 2
Event: 1.224 Thread 0x000002640219f800 DEOPT PACKING pc=0x0000026404327352 sp=0x000000b7f0ffd970
Event: 1.224 Thread 0x000002640219f800 DEOPT UNPACKING pc=0x0000026403d77918 sp=0x000000b7f0ffd680 mode 0
Event: 1.260 Executing VM operation: G1IncCollectionPause
Event: 1.268 Executing VM operation: G1IncCollectionPause done


Dynamic libraries:
0x00007ff6bb240000 - 0x00007ff6bb287000 	C:\Program Files\Java\jre1.8.0_341\bin\java.exe
0x00007ffab57f0000 - 0x00007ffab5a04000 	C:\WINDOWS\SYSTEM32\ntdll.dll
0x00007ffab4740000 - 0x00007ffab4802000 	C:\WINDOWS\System32\KERNEL32.DLL
0x00007ffab3140000 - 0x00007ffab34dc000 	C:\WINDOWS\System32\KERNELBASE.dll
0x00007ffab4810000 - 0x00007ffab48be000 	C:\WINDOWS\System32\ADVAPI32.dll
0x00007ffab4a00000 - 0x00007ffab4aa7000 	C:\WINDOWS\System32\msvcrt.dll
0x00007ffab4950000 - 0x00007ffab49f4000 	C:\WINDOWS\System32\sechost.dll
0x00007ffab4620000 - 0x00007ffab4737000 	C:\WINDOWS\System32\RPCRT4.dll
0x00007ffab4470000 - 0x00007ffab461b000 	C:\WINDOWS\System32\USER32.dll
0x00007ffab2d50000 - 0x00007ffab2d76000 	C:\WINDOWS\System32\win32u.dll
0x00007ffab4e00000 - 0x00007ffab4e29000 	C:\WINDOWS\System32\GDI32.dll
0x00007ffab2ef0000 - 0x00007ffab3003000 	C:\WINDOWS\System32\gdi32full.dll
0x00007ffab2c30000 - 0x00007ffab2cca000 	C:\WINDOWS\System32\msvcp_win.dll
0x00007ffab34e0000 - 0x00007ffab35f1000 	C:\WINDOWS\System32\ucrtbase.dll
0x00007ffaa0250000 - 0x00007ffaa04de000 	C:\WINDOWS\WinSxS\amd64_microsoft.windows.common-controls_6595b64144ccf1df_6.0.22621.608_none_a9444ca7c10bb01d\COMCTL32.dll
0x00007ffab3c40000 - 0x00007ffab3c71000 	C:\WINDOWS\System32\IMM32.DLL
0x00007ffaab840000 - 0x00007ffaab855000 	C:\Program Files\Java\jre1.8.0_341\bin\vcruntime140.dll
0x00007ffa901a0000 - 0x00007ffa9023b000 	C:\Program Files\Java\jre1.8.0_341\bin\msvcp140.dll
0x000000005bf10000 - 0x000000005c771000 	C:\Program Files\Java\jre1.8.0_341\bin\server\jvm.dll
0x00007ffab4940000 - 0x00007ffab4948000 	C:\WINDOWS\System32\PSAPI.DLL
0x00007ffaaab80000 - 0x00007ffaaab89000 	C:\WINDOWS\SYSTEM32\WSOCK32.dll
0x00007ffaad5f0000 - 0x00007ffaad5fa000 	C:\WINDOWS\SYSTEM32\VERSION.dll
0x00007ffa96b30000 - 0x00007ffa96b64000 	C:\WINDOWS\SYSTEM32\WINMM.dll
0x00007ffab48c0000 - 0x00007ffab4931000 	C:\WINDOWS\System32\WS2_32.dll
0x00007ffab1c40000 - 0x00007ffab1c58000 	C:\WINDOWS\SYSTEM32\kernel.appcore.dll
0x00007ffaaceb0000 - 0x00007ffaacec0000 	C:\WINDOWS\System32\KERNEL32.DLL
0x00007ffaaaed0000 - 0x00007ffaaaefb000 	C:\WINDOWS\System32\sechost.dll
0x00007ffaaa710000 - 0x00007ffaaa740000 	C:\WINDOWS\System32\win32u.dll
0x00007ffaa7800000 - 0x00007ffaa7818000 	C:\WINDOWS\System32\gdi32full.dll
0x00007ffab4f60000 - 0x00007ffab5750000 	C:\WINDOWS\System32\ucrtbase.dll
0x00007ffab0bf0000 - 0x00007ffab14bd000 	C:\WINDOWS\System32\IMM32.DLL
0x00007ffab4090000 - 0x00007ffab4419000 	C:\Program Files\Java\jre1.8.0_341\bin\msvcp140.dll
0x00007ffab0ab0000 - 0x00007ffab0bee000 	C:\WINDOWS\System32\PSAPI.DLL
0x00007ffab4b40000 - 0x00007ffab4c31000 	C:\WINDOWS\SYSTEM32\WSOCK32.dll
0x00007ffab5750000 - 0x00007ffab57ae000 	C:\WINDOWS\SYSTEM32\WINMM.dll
0x00007ffab2b60000 - 0x00007ffab2b81000 	C:\WINDOWS\SYSTEM32\profapi.dll
0x00007ffaabe80000 - 0x00007ffaabe8d000 	C:\Program Files\Java\jre1.8.0_341\bin\verify.dll
0x00007ffaa2ee0000 - 0x00007ffaa2efc000 	C:\Program Files\Java\jre1.8.0_341\bin\java.dll
0x00007ffab20a0000 - 0x00007ffab2109000 	C:\Program Files\Java\jre1.8.0_341\bin\zip.dll
0x00007ffaa2d80000 - 0x00007ffaa2d93000 	C:\Program Files\Java\jre1.8.0_341\bin\nio.dll
0x00007ffaac7a0000 - 0x00007ffaac9ce000 	C:\WINDOWS\System32\ADVAPI32.dll
0x00007ffab3c80000 - 0x00007ffab3d57000 	C:\WINDOWS\System32\win32u.dll
0x00007ffab2cd0000 - 0x00007ffab2d4b000 	C:\WINDOWS\System32\msvcp_win.dll

VM Arguments:
jvm_args: -Xmx10G -XX:+UseG1GC -ea -Xverify:none -javaagent:C:\Users\david\lib\resources\java-mutation-framework\lib\instrumentator.jar=precheck=false,run_id=1763794d-c0c2-4704-a483-20725cb39fd3,java_home=C:\Program Files\Java\jre1.8.0_341,log=printProgress;error,varLayer=10,working_dir=E:\chenghin\math_70\fix,trace_recorder=FILE,expectedSteps=0,stepLimit=300000,require_method_split=false,class_path=E:\chenghin\math_70\fix\target\dependency\*;E:\chenghin\math_70\fix\target\test-classes;E:\chenghin\math_70\fix\target\classes;C:\Users\david\lib\resources\java-mutation-framework\lib\junit.jar;C:\Users\david\lib\resources\java-mutation-framework\lib\org.hamcrest.core.jar;C:\Users\david\lib\resources\java-mutation-framework\lib\testrunner.jar;C:\Users\david\lib\resources\java-mutation-framework\lib\bcel-6.0.jar;C:\Users\david\lib\resources\java-mutation-framework\lib\javassist.jar;C:\Users\david\lib\resources\java-mutation-framework\lib\instrumentator.jar;C:\Users\david\lib\resources\java-mutation-framework\lib\junit-platform-console-standalone-1.9.0.jar;C:\Users\david\lib\resources\java-mutation-framework\lib\org.junit.platform.runner_1.8.1.v20211018-1956.jar;C:\Users\david\lib\resources\java-mutation-framework\lib\org.testng_7.4.0.r202105021533.jar,launch_class=org.apache.commons.math.genetics.GeneticAlgorithmTestBinary,dump_file_path=E:\chenghin\math_70\55\trace.exec 
java_command: microbat.evaluation.junit.MicroBatTestRunner org.apache.commons.math.genetics.GeneticAlgorithmTestBinary test
java_class_path (initial): E:\chenghin\math_70\fix\target\dependency\junit-4.4.jar;E:\chenghin\math_70\fix\target\test-classes;E:\chenghin\math_70\fix\target\classes;C:\Users\david\lib\resources\java-mutation-framework\lib\junit.jar;C:\Users\david\lib\resources\java-mutation-framework\lib\org.hamcrest.core.jar;C:\Users\david\lib\resources\java-mutation-framework\lib\testrunner.jar;C:\Users\david\lib\resources\java-mutation-framework\lib\bcel-6.0.jar;C:\Users\david\lib\resources\java-mutation-framework\lib\javassist.jar;C:\Users\david\lib\resources\java-mutation-framework\lib\instrumentator.jar;C:\Users\david\lib\resources\java-mutation-framework\lib\junit-platform-console-standalone-1.9.0.jar;C:\Users\david\lib\resources\java-mutation-framework\lib\org.junit.platform.runner_1.8.1.v20211018-1956.jar;C:\Users\david\lib\resources\java-mutation-framework\lib\org.testng_7.4.0.r202105021533.jar;C:\Users\david\lib\resources\java-mutation-framework\lib\instrumentator.jar
Launcher Type: SUN_STANDARD

Environment Variables:
PATH=C:/Users/david/.p2/pool/plugins/org.eclipse.justj.openjdk.hotspot.jre.full.win32.x86_64_17.0.6.v20230204-1729/jre/bin/server;C:/Users/david/.p2/pool/plugins/org.eclipse.justj.openjdk.hotspot.jre.full.win32.x86_64_17.0.6.v20230204-1729/jre/bin;C:\Program Files\Java\jdk-17\bin;C:\Program Files\Java\jdk1.8.0_341\bin;C:\Program Files\Java\jdk-11.0.15.1\bin;C:\Program Files\Common Files\Oracle\Java\javapath;C:\Program Files (x86)\Common Files\Oracle\Java\javapath;C:\Program Files (x86)\VMware\VMware Workstation\bin\;C:\WINDOWS\system32;C:\WINDOWS;C:\WINDOWS\System32\Wbem;C:\WINDOWS\System32\WindowsPowerShell\v1.0\;C:\WINDOWS\System32\OpenSSH\;C:\Program Files\dotnet\;C:\Program Files\Git\cmd;C:\ProgramData\Anaconda3;C:\ProgramData\Anaconda3\Scripts;C:\ProgramData\Anaconda3\Library\bin;C:\Program Files\Amazon\AWSCLIV2\;C:\Program Files\Maven\apache-maven-3.9.0\bin;C:\Program Files\PuTTY\;C:\Strawberry\c\bin;C:\Strawberry\perl\site\bin;C:\Strawberry\perl\bin;C:\NASM;C:\Program Files\Microsoft Network Monitor 3\;C:\Users\david\AppData\Local\Microsoft\WindowsApps;;C:\Users\david\AppData\Local\Programs\Microsoft VS Code\bin;C:\WINDOWS\system32;
USERNAME=david
OS=Windows_NT
PROCESSOR_IDENTIFIER=Intel64 Family 6 Model 165 Stepping 5, GenuineIntel



---------------  S Y S T E M  ---------------

OS: Windows 11 , 64 bit Build 22621 (10.0.22621.1485)

CPU:total 20 (initial active 20) (10 cores per cpu, 2 threads per core) family 6 model 165 stepping 5, cmov, cx8, fxsr, mmx, sse, sse2, sse3, ssse3, sse4.1, sse4.2, popcnt, avx, avx2, aes, clmul, erms, 3dnowpref, lzcnt, ht, tsc, tscinvbit, bmi1, bmi2, adx

Memory: 4k page, physical 66834500k(51478140k free), swap 71028804k(53941804k free)

vm_info: Java HotSpot(TM) 64-Bit Server VM (25.341-b10) for windows-amd64 JRE (1.8.0_341-b10), built on Jun 16 2022 15:51:07 by "java_re" with MS VC++ 15.9 (VS2017)

time: Thu Apr 13 18:15:14 2023
timezone: Malay Peninsula Standard Time
elapsed time: 1.287209 seconds (0d 0h 0m 1s)

